0 info it worked if it ends with ok
1 verbose cli [ 'C:\\Program Files (x86)\\nodejs\\\\node.exe',
1 verbose cli   'C:\\Program Files (x86)\\nodejs\\node_modules\\npm\\bin\\npm-cli.js',
1 verbose cli   'install',
1 verbose cli   'node-tree-data',
1 verbose cli   'component',
1 verbose cli   'brighthas/tree-data' ]
2 info using npm@2.10.1
3 info using node@v0.12.4
4 verbose install initial load of E:\Java Sensei\trunk\BuildGraph\package.json
5 verbose installManyTop reading scoped package data from E:\Java Sensei\trunk\BuildGraph\node_modules\node-tree-data\package.json
6 verbose installManyTop reading scoped package data from E:\Java Sensei\trunk\BuildGraph\node_modules\touch-splitter-jquery\package.json
7 info package.json touch-splitter-jquery@0.5.0 No license field.
8 verbose readDependencies loading dependencies from E:\Java Sensei\trunk\BuildGraph\package.json
9 verbose install node-tree-data is installed as 0.0.2
10 silly cache add args [ 'node-tree-data', null ]
11 verbose cache add spec node-tree-data
12 silly cache add args [ 'component', null ]
13 verbose cache add spec component
14 silly cache add args [ 'brighthas/tree-data', null ]
15 verbose cache add spec brighthas/tree-data
16 silly cache add parsed spec { raw: 'node-tree-data',
16 silly cache add   scope: null,
16 silly cache add   name: 'node-tree-data',
16 silly cache add   rawSpec: '',
16 silly cache add   spec: '*',
16 silly cache add   type: 'range' }
17 silly addNamed node-tree-data@*
18 verbose addNamed "*" is a valid semver range for node-tree-data
19 silly addNameRange { name: 'node-tree-data', range: '*', hasData: false }
20 silly mapToRegistry name node-tree-data
21 silly mapToRegistry using default registry
22 silly mapToRegistry registry https://registry.npmjs.org/
23 silly mapToRegistry uri https://registry.npmjs.org/node-tree-data
24 verbose addNameRange registry:https://registry.npmjs.org/node-tree-data not in flight; fetching
25 silly cache add parsed spec { raw: 'component',
25 silly cache add   scope: null,
25 silly cache add   name: 'component',
25 silly cache add   rawSpec: '',
25 silly cache add   spec: '*',
25 silly cache add   type: 'range' }
26 silly addNamed component@*
27 verbose addNamed "*" is a valid semver range for component
28 silly addNameRange { name: 'component', range: '*', hasData: false }
29 silly mapToRegistry name component
30 silly mapToRegistry using default registry
31 silly mapToRegistry registry https://registry.npmjs.org/
32 silly mapToRegistry uri https://registry.npmjs.org/component
33 verbose addNameRange registry:https://registry.npmjs.org/component not in flight; fetching
34 silly cache add parsed spec { raw: 'brighthas/tree-data',
34 silly cache add   scope: null,
34 silly cache add   name: null,
34 silly cache add   rawSpec: 'brighthas/tree-data',
34 silly cache add   spec: 'github:brighthas/tree-data',
34 silly cache add   type: 'hosted',
34 silly cache add   hosted:
34 silly cache add    { type: 'github',
34 silly cache add      ssh: 'git@github.com:brighthas/tree-data.git',
34 silly cache add      sshUrl: 'git+ssh://git@github.com/brighthas/tree-data.git',
34 silly cache add      httpsUrl: 'git+https://github.com/brighthas/tree-data.git',
34 silly cache add      gitUrl: 'git://github.com/brighthas/tree-data.git',
34 silly cache add      shortcut: 'github:brighthas/tree-data',
34 silly cache add      directUrl: 'https://raw.githubusercontent.com/brighthas/tree-data/master/package.json' } }
35 verbose addRemoteGit caching brighthas/tree-data
36 verbose addRemoteGit brighthas/tree-data is a repository hosted by github
37 silly tryGitProto attempting to clone git://github.com/brighthas/tree-data.git
38 silly tryClone cloning brighthas/tree-data via git://github.com/brighthas/tree-data.git
39 verbose tryClone git-github-com-brighthas-tree-data-git-8d73aec9 not in flight; caching
40 verbose request uri https://registry.npmjs.org/node-tree-data
41 verbose request no auth needed
42 info attempt registry request try #1 at 17:13:14
43 verbose request id 36d610c141f09bc4
44 verbose etag "71G0MSP6OC6XDFJ3RYEPEYHP7"
45 http request GET https://registry.npmjs.org/node-tree-data
46 verbose request uri https://registry.npmjs.org/component
47 verbose request no auth needed
48 info attempt registry request try #1 at 17:13:14
49 verbose etag "EDTEW47I2UXFLF7PTE6BKSO4P"
50 http request GET https://registry.npmjs.org/component
51 info git [ 'config', '--get', 'remote.origin.url' ]
52 warn addRemoteGit Error: Command failed: git -c core.longpaths=true config --get remote.origin.url
52 warn addRemoteGit
52 warn addRemoteGit     at ChildProcess.exithandler (child_process.js:751:12)
52 warn addRemoteGit     at ChildProcess.emit (events.js:110:17)
52 warn addRemoteGit     at maybeClose (child_process.js:1015:16)
52 warn addRemoteGit     at Socket.<anonymous> (child_process.js:1183:11)
52 warn addRemoteGit     at Socket.emit (events.js:107:17)
52 warn addRemoteGit     at Pipe.close (net.js:485:12)
52 warn addRemoteGit  brighthas/tree-data resetting remote C:\Users\Rock\AppData\Roaming\npm-cache\_git-remotes\git-github-com-brighthas-tree-data-git-8d73aec9 because of error: { [Error: Command failed: git -c core.longpaths=true config --get remote.origin.url
52 warn addRemoteGit ]
52 warn addRemoteGit   killed: false,
52 warn addRemoteGit   code: 1,
52 warn addRemoteGit   signal: null,
52 warn addRemoteGit   cmd: 'git -c core.longpaths=true config --get remote.origin.url' }
53 info resetRemote resetting C:\Users\Rock\AppData\Roaming\npm-cache\_git-remotes\git-github-com-brighthas-tree-data-git-8d73aec9 for brighthas/tree-data
54 silly gentlyRm C:\Users\Rock\AppData\Roaming\npm-cache\_git-remotes\git-github-com-brighthas-tree-data-git-8d73aec9 is being purged
55 verbose gentlyRm don't care about contents; nuking C:\Users\Rock\AppData\Roaming\npm-cache\_git-remotes\git-github-com-brighthas-tree-data-git-8d73aec9
56 silly vacuum-fs purging C:\Users\Rock\AppData\Roaming\npm-cache\_git-remotes\git-github-com-brighthas-tree-data-git-8d73aec9
57 silly vacuum-fs quitting because other entries in C:\Users\Rock\AppData\Roaming\npm-cache\_git-remotes
58 info git [ 'clone',
58 info git   '--template=C:\\Users\\Rock\\AppData\\Roaming\\npm-cache\\_git-remotes\\_templates',
58 info git   '--mirror',
58 info git   'git://github.com/brighthas/tree-data.git',
58 info git   'C:\\Users\\Rock\\AppData\\Roaming\\npm-cache\\_git-remotes\\git-github-com-brighthas-tree-data-git-8d73aec9' ]
59 http 304 https://registry.npmjs.org/component
60 silly get cb [ 304,
60 silly get   { date: 'Tue, 18 Aug 2015 23:13:16 GMT',
60 silly get     via: '1.1 varnish',
60 silly get     'cache-control': 'max-age=60',
60 silly get     etag: '"EDTEW47I2UXFLF7PTE6BKSO4P"',
60 silly get     age: '0',
60 silly get     connection: 'keep-alive',
60 silly get     'x-served-by': 'cache-dfw1834-DFW',
60 silly get     'x-cache': 'HIT',
60 silly get     'x-cache-hits': '1',
60 silly get     'x-timer': 'S1439939596.778077,VS0,VE65',
60 silly get     vary: 'Accept' } ]
61 verbose etag https://registry.npmjs.org/component from cache
62 verbose get saving component to C:\Users\Rock\AppData\Roaming\npm-cache\registry.npmjs.org\component\.cache.json
63 silly addNameRange number 2 { name: 'component', range: '*', hasData: true }
64 silly addNameRange versions [ 'component',
64 silly addNameRange   [ '0.0.1',
64 silly addNameRange     '0.0.2',
64 silly addNameRange     '0.0.3',
64 silly addNameRange     '0.0.4',
64 silly addNameRange     '0.0.5',
64 silly addNameRange     '0.0.6',
64 silly addNameRange     '0.0.7',
64 silly addNameRange     '0.1.0',
64 silly addNameRange     '0.1.1',
64 silly addNameRange     '0.2.0',
64 silly addNameRange     '0.3.0',
64 silly addNameRange     '0.4.0',
64 silly addNameRange     '0.4.1',
64 silly addNameRange     '0.4.2',
64 silly addNameRange     '0.5.0',
64 silly addNameRange     '0.6.0',
64 silly addNameRange     '0.6.2',
64 silly addNameRange     '0.6.3',
64 silly addNameRange     '0.6.4',
64 silly addNameRange     '0.7.0',
64 silly addNameRange     '0.7.1',
64 silly addNameRange     '0.8.0',
64 silly addNameRange     '0.9.0',
64 silly addNameRange     '0.9.1',
64 silly addNameRange     '0.10.0',
64 silly addNameRange     '0.10.1',
64 silly addNameRange     '0.11.0',
64 silly addNameRange     '0.11.1',
64 silly addNameRange     '0.12.0',
64 silly addNameRange     '0.13.0',
64 silly addNameRange     '0.13.1',
64 silly addNameRange     '0.13.2',
64 silly addNameRange     '0.14.0',
64 silly addNameRange     '0.15.0',
64 silly addNameRange     '0.15.1',
64 silly addNameRange     '0.16.0',
64 silly addNameRange     '0.16.1',
64 silly addNameRange     '0.16.2',
64 silly addNameRange     '0.16.3',
64 silly addNameRange     '0.16.4',
64 silly addNameRange     '0.16.5',
64 silly addNameRange     '0.16.6',
64 silly addNameRange     '0.16.7',
64 silly addNameRange     '0.16.8',
64 silly addNameRange     '0.17.0',
64 silly addNameRange     '0.17.2',
64 silly addNameRange     '0.17.3',
64 silly addNameRange     '0.17.4',
64 silly addNameRange     '0.17.5',
64 silly addNameRange     '0.17.6',
64 silly addNameRange     '0.18.0',
64 silly addNameRange     '0.19.0',
64 silly addNameRange     '0.19.1',
64 silly addNameRange     '0.19.2',
64 silly addNameRange     '0.19.3',
64 silly addNameRange     '0.19.4',
64 silly addNameRange     '0.19.5',
64 silly addNameRange     '0.19.6',
64 silly addNameRange     '0.19.7',
64 silly addNameRange     '0.19.8',
64 silly addNameRange     '1.0.0-rc1',
64 silly addNameRange     '1.0.0-rc2',
64 silly addNameRange     '1.0.0-rc3',
64 silly addNameRange     '1.0.0-rc4',
64 silly addNameRange     '1.0.0-rc5',
64 silly addNameRange     '0.19.9',
64 silly addNameRange     '1.0.0-rc6',
64 silly addNameRange     '1.0.0-rc7',
64 silly addNameRange     '1.0.0',
64 silly addNameRange     '1.0.1',
64 silly addNameRange     '1.0.2',
64 silly addNameRange     '1.1.0' ] ]
65 silly addNamed component@1.1.0
66 verbose addNamed "1.1.0" is a plain semver version for component
67 silly cache afterAdd component@1.1.0
68 verbose afterAdd C:\Users\Rock\AppData\Roaming\npm-cache\component\1.1.0\package\package.json not in flight; writing
69 verbose afterAdd C:\Users\Rock\AppData\Roaming\npm-cache\component\1.1.0\package\package.json written
70 http 304 https://registry.npmjs.org/node-tree-data
71 silly get cb [ 304,
71 silly get   { date: 'Tue, 18 Aug 2015 23:13:16 GMT',
71 silly get     via: '1.1 varnish',
71 silly get     'cache-control': 'max-age=60',
71 silly get     etag: '"71G0MSP6OC6XDFJ3RYEPEYHP7"',
71 silly get     age: '0',
71 silly get     connection: 'keep-alive',
71 silly get     'x-served-by': 'cache-dfw1828-DFW',
71 silly get     'x-cache': 'MISS',
71 silly get     'x-cache-hits': '0',
71 silly get     'x-timer': 'S1439939596.760596,VS0,VE196',
71 silly get     vary: 'Accept' } ]
72 verbose etag https://registry.npmjs.org/node-tree-data from cache
73 verbose get saving node-tree-data to C:\Users\Rock\AppData\Roaming\npm-cache\registry.npmjs.org\node-tree-data\.cache.json
74 silly addNameRange number 2 { name: 'node-tree-data', range: '*', hasData: true }
75 silly addNameRange versions [ 'node-tree-data', [ '0.0.0', '0.0.1', '0.0.2' ] ]
76 silly addNamed node-tree-data@0.0.2
77 verbose addNamed "0.0.2" is a plain semver version for node-tree-data
78 silly cache afterAdd node-tree-data@0.0.2
79 verbose afterAdd C:\Users\Rock\AppData\Roaming\npm-cache\node-tree-data\0.0.2\package\package.json not in flight; writing
80 verbose afterAdd C:\Users\Rock\AppData\Roaming\npm-cache\node-tree-data\0.0.2\package\package.json written
81 error git clone --template=C:\Users\Rock\AppData\Roaming\npm-cache\_git-remotes\_templates --mirror git://github.com/brighthas/tree-data.git C:\Users\Rock\AppData\Roaming\npm-cache\_git-remotes\git-github-com-brighthas-tree-data-git-8d73aec9: Cloning into bare repository 'C:\Users\Rock\AppData\Roaming\npm-cache\_git-remotes\git-github-com-brighthas-tree-data-git-8d73aec9'...
81 error git clone --template=C:\Users\Rock\AppData\Roaming\npm-cache\_git-remotes\_templates --mirror git://github.com/brighthas/tree-data.git C:\Users\Rock\AppData\Roaming\npm-cache\_git-remotes\git-github-com-brighthas-tree-data-git-8d73aec9: fatal: remote error:
81 error git clone --template=C:\Users\Rock\AppData\Roaming\npm-cache\_git-remotes\_templates --mirror git://github.com/brighthas/tree-data.git C:\Users\Rock\AppData\Roaming\npm-cache\_git-remotes\git-github-com-brighthas-tree-data-git-8d73aec9:   Repository not found.
82 silly tryHTTPS attempting to clone git+https://github.com/brighthas/tree-data.git
83 silly tryClone cloning brighthas/tree-data via git+https://github.com/brighthas/tree-data.git
84 verbose tryClone https-github-com-brighthas-tree-data-git-3bd7550f not in flight; caching
85 info git [ 'config', '--get', 'remote.origin.url' ]
86 warn addRemoteGit Error: Command failed: git -c core.longpaths=true config --get remote.origin.url
86 warn addRemoteGit
86 warn addRemoteGit     at ChildProcess.exithandler (child_process.js:751:12)
86 warn addRemoteGit     at ChildProcess.emit (events.js:110:17)
86 warn addRemoteGit     at maybeClose (child_process.js:1015:16)
86 warn addRemoteGit     at Process.ChildProcess._handle.onexit (child_process.js:1087:5)
86 warn addRemoteGit  brighthas/tree-data resetting remote C:\Users\Rock\AppData\Roaming\npm-cache\_git-remotes\https-github-com-brighthas-tree-data-git-3bd7550f because of error: { [Error: Command failed: git -c core.longpaths=true config --get remote.origin.url
86 warn addRemoteGit ]
86 warn addRemoteGit   killed: false,
86 warn addRemoteGit   code: 1,
86 warn addRemoteGit   signal: null,
86 warn addRemoteGit   cmd: 'git -c core.longpaths=true config --get remote.origin.url' }
87 info resetRemote resetting C:\Users\Rock\AppData\Roaming\npm-cache\_git-remotes\https-github-com-brighthas-tree-data-git-3bd7550f for brighthas/tree-data
88 silly gentlyRm C:\Users\Rock\AppData\Roaming\npm-cache\_git-remotes\https-github-com-brighthas-tree-data-git-3bd7550f is being purged
89 verbose gentlyRm don't care about contents; nuking C:\Users\Rock\AppData\Roaming\npm-cache\_git-remotes\https-github-com-brighthas-tree-data-git-3bd7550f
90 silly vacuum-fs purging C:\Users\Rock\AppData\Roaming\npm-cache\_git-remotes\https-github-com-brighthas-tree-data-git-3bd7550f
91 silly vacuum-fs quitting because other entries in C:\Users\Rock\AppData\Roaming\npm-cache\_git-remotes
92 info git [ 'clone',
92 info git   '--template=C:\\Users\\Rock\\AppData\\Roaming\\npm-cache\\_git-remotes\\_templates',
92 info git   '--mirror',
92 info git   'https://github.com/brighthas/tree-data.git',
92 info git   'C:\\Users\\Rock\\AppData\\Roaming\\npm-cache\\_git-remotes\\https-github-com-brighthas-tree-data-git-3bd7550f' ]
93 error git clone --template=C:\Users\Rock\AppData\Roaming\npm-cache\_git-remotes\_templates --mirror https://github.com/brighthas/tree-data.git C:\Users\Rock\AppData\Roaming\npm-cache\_git-remotes\https-github-com-brighthas-tree-data-git-3bd7550f: Cloning into bare repository 'C:\Users\Rock\AppData\Roaming\npm-cache\_git-remotes\https-github-com-brighthas-tree-data-git-3bd7550f'...
93 error git clone --template=C:\Users\Rock\AppData\Roaming\npm-cache\_git-remotes\_templates --mirror https://github.com/brighthas/tree-data.git C:\Users\Rock\AppData\Roaming\npm-cache\_git-remotes\https-github-com-brighthas-tree-data-git-3bd7550f: remote: Invalid username or password.
93 error git clone --template=C:\Users\Rock\AppData\Roaming\npm-cache\_git-remotes\_templates --mirror https://github.com/brighthas/tree-data.git C:\Users\Rock\AppData\Roaming\npm-cache\_git-remotes\https-github-com-brighthas-tree-data-git-3bd7550f: fatal: Authentication failed for 'https://github.com/brighthas/tree-data.git/'
94 silly trySSH attempting to clone git@github.com:brighthas/tree-data.git
95 silly tryClone cloning brighthas/tree-data via git@github.com:brighthas/tree-data.git
96 verbose tryClone git-github-com-brighthas-tree-data-git-985029de not in flight; caching
97 info git [ 'config', '--get', 'remote.origin.url' ]
98 warn addRemoteGit Error: Command failed: git -c core.longpaths=true config --get remote.origin.url
98 warn addRemoteGit
98 warn addRemoteGit     at ChildProcess.exithandler (child_process.js:751:12)
98 warn addRemoteGit     at ChildProcess.emit (events.js:110:17)
98 warn addRemoteGit     at maybeClose (child_process.js:1015:16)
98 warn addRemoteGit     at Socket.<anonymous> (child_process.js:1183:11)
98 warn addRemoteGit     at Socket.emit (events.js:107:17)
98 warn addRemoteGit     at Pipe.close (net.js:485:12)
98 warn addRemoteGit  brighthas/tree-data resetting remote C:\Users\Rock\AppData\Roaming\npm-cache\_git-remotes\git-github-com-brighthas-tree-data-git-985029de because of error: { [Error: Command failed: git -c core.longpaths=true config --get remote.origin.url
98 warn addRemoteGit ]
98 warn addRemoteGit   killed: false,
98 warn addRemoteGit   code: 1,
98 warn addRemoteGit   signal: null,
98 warn addRemoteGit   cmd: 'git -c core.longpaths=true config --get remote.origin.url' }
99 info resetRemote resetting C:\Users\Rock\AppData\Roaming\npm-cache\_git-remotes\git-github-com-brighthas-tree-data-git-985029de for brighthas/tree-data
100 silly gentlyRm C:\Users\Rock\AppData\Roaming\npm-cache\_git-remotes\git-github-com-brighthas-tree-data-git-985029de is being purged
101 verbose gentlyRm don't care about contents; nuking C:\Users\Rock\AppData\Roaming\npm-cache\_git-remotes\git-github-com-brighthas-tree-data-git-985029de
102 silly vacuum-fs purging C:\Users\Rock\AppData\Roaming\npm-cache\_git-remotes\git-github-com-brighthas-tree-data-git-985029de
103 silly vacuum-fs quitting because other entries in C:\Users\Rock\AppData\Roaming\npm-cache\_git-remotes
104 info git [ 'clone',
104 info git   '--template=C:\\Users\\Rock\\AppData\\Roaming\\npm-cache\\_git-remotes\\_templates',
104 info git   '--mirror',
104 info git   'git@github.com:brighthas/tree-data.git',
104 info git   'C:\\Users\\Rock\\AppData\\Roaming\\npm-cache\\_git-remotes\\git-github-com-brighthas-tree-data-git-985029de' ]
105 error git clone --template=C:\Users\Rock\AppData\Roaming\npm-cache\_git-remotes\_templates --mirror git@github.com:brighthas/tree-data.git C:\Users\Rock\AppData\Roaming\npm-cache\_git-remotes\git-github-com-brighthas-tree-data-git-985029de: Cloning into bare repository 'C:\Users\Rock\AppData\Roaming\npm-cache\_git-remotes\git-github-com-brighthas-tree-data-git-985029de'...
105 error git clone --template=C:\Users\Rock\AppData\Roaming\npm-cache\_git-remotes\_templates --mirror git@github.com:brighthas/tree-data.git C:\Users\Rock\AppData\Roaming\npm-cache\_git-remotes\git-github-com-brighthas-tree-data-git-985029de: Warning: Permanently added the RSA host key for IP address '192.30.252.131' to the list of known hosts.
105 error git clone --template=C:\Users\Rock\AppData\Roaming\npm-cache\_git-remotes\_templates --mirror git@github.com:brighthas/tree-data.git C:\Users\Rock\AppData\Roaming\npm-cache\_git-remotes\git-github-com-brighthas-tree-data-git-985029de: Permission denied (publickey).
105 error git clone --template=C:\Users\Rock\AppData\Roaming\npm-cache\_git-remotes\_templates --mirror git@github.com:brighthas/tree-data.git C:\Users\Rock\AppData\Roaming\npm-cache\_git-remotes\git-github-com-brighthas-tree-data-git-985029de: fatal: Could not read from remote repository.
105 error git clone --template=C:\Users\Rock\AppData\Roaming\npm-cache\_git-remotes\_templates --mirror git@github.com:brighthas/tree-data.git C:\Users\Rock\AppData\Roaming\npm-cache\_git-remotes\git-github-com-brighthas-tree-data-git-985029de:
105 error git clone --template=C:\Users\Rock\AppData\Roaming\npm-cache\_git-remotes\_templates --mirror git@github.com:brighthas/tree-data.git C:\Users\Rock\AppData\Roaming\npm-cache\_git-remotes\git-github-com-brighthas-tree-data-git-985029de: Please make sure you have the correct access rights
105 error git clone --template=C:\Users\Rock\AppData\Roaming\npm-cache\_git-remotes\_templates --mirror git@github.com:brighthas/tree-data.git C:\Users\Rock\AppData\Roaming\npm-cache\_git-remotes\git-github-com-brighthas-tree-data-git-985029de: and the repository exists.
106 verbose stack Error: Command failed: git -c core.longpaths=true clone --template=C:\Users\Rock\AppData\Roaming\npm-cache\_git-remotes\_templates --mirror git@github.com:brighthas/tree-data.git C:\Users\Rock\AppData\Roaming\npm-cache\_git-remotes\git-github-com-brighthas-tree-data-git-985029de
106 verbose stack Cloning into bare repository 'C:\Users\Rock\AppData\Roaming\npm-cache\_git-remotes\git-github-com-brighthas-tree-data-git-985029de'...
106 verbose stack Warning: Permanently added the RSA host key for IP address '192.30.252.131' to the list of known hosts.
106 verbose stack Permission denied (publickey).
106 verbose stack fatal: Could not read from remote repository.
106 verbose stack
106 verbose stack Please make sure you have the correct access rights
106 verbose stack and the repository exists.
106 verbose stack
106 verbose stack     at ChildProcess.exithandler (child_process.js:751:12)
106 verbose stack     at ChildProcess.emit (events.js:110:17)
106 verbose stack     at maybeClose (child_process.js:1015:16)
106 verbose stack     at Process.ChildProcess._handle.onexit (child_process.js:1087:5)
107 verbose cwd E:\Java Sensei\trunk\BuildGraph
108 error Windows_NT 6.3.9600
109 error argv "C:\\Program Files (x86)\\nodejs\\\\node.exe" "C:\\Program Files (x86)\\nodejs\\node_modules\\npm\\bin\\npm-cli.js" "install" "node-tree-data" "component" "brighthas/tree-data"
110 error node v0.12.4
111 error npm  v2.10.1
112 error code 128
113 error Command failed: git -c core.longpaths=true clone --template=C:\Users\Rock\AppData\Roaming\npm-cache\_git-remotes\_templates --mirror git@github.com:brighthas/tree-data.git C:\Users\Rock\AppData\Roaming\npm-cache\_git-remotes\git-github-com-brighthas-tree-data-git-985029de
113 error Cloning into bare repository 'C:\Users\Rock\AppData\Roaming\npm-cache\_git-remotes\git-github-com-brighthas-tree-data-git-985029de'...
113 error Warning: Permanently added the RSA host key for IP address '192.30.252.131' to the list of known hosts.
113 error Permission denied (publickey).
113 error fatal: Could not read from remote repository.
113 error
113 error Please make sure you have the correct access rights
113 error and the repository exists.
114 error If you need help, you may report this error at:
114 error     <https://github.com/npm/npm/issues>
115 verbose exit [ 1, true ]
