#
# A fatal error has been detected by the Java Runtime Environment:
#
#  EXCEPTION_ACCESS_VIOLATION (0xc0000005) at pc=0x00007ff9a1b5ca66, pid=24684, tid=24752
#
# JRE version: Java(TM) SE Runtime Environment (8.0_05-b13) (build 1.8.0_05-b13)
# Java VM: Java HotSpot(TM) 64-Bit Server VM (25.5-b02 mixed mode windows-amd64 compressed oops)
# Problematic frame:
# C  [opencv_imgproc300.dll+0x7ca66]
#
# Failed to write core dump. Minidumps are not enabled by default on client versions of Windows
#
# If you would like to submit a bug report, please visit:
#   http://bugreport.sun.com/bugreport/crash.jsp
# The crash happened outside the Java Virtual Machine in native code.
# See problematic frame for where to report the bug.
#

---------------  T H R E A D  ---------------

Current thread (0x0000000002982800):  JavaThread "main" [_thread_in_native, id=24752, stack(0x0000000002780000,0x0000000002880000)]

siginfo: ExceptionCode=0xc0000005, writing address 0x000000001951aca8

Registers:
RAX=0x000000001951ac63, RBX=0x000000000287e860, RCX=0x0000000000011000, RDX=0x0000000000000045
RSP=0x000000000287e720, RBP=0x0000000000000800, RSI=0x000000000000004e, RDI=0x000000000000005f
R8 =0x0000000000000001, R9 =0x0000000000000000, R10=0x00000000000000ff, R11=0x0000000000010000
R12=0x000000000287e850, R13=0xffffffffffff0001, R14=0x0000000019509c63, R15=0x0000000000000000
RIP=0x00007ff9a1b5ca66, EFLAGS=0x0000000000010206

Top of Stack: (sp=0x000000000287e720)
0x000000000287e720:   000000000287e860 0000000000000800
0x000000000287e730:   000000000000004e 000000000000005f
0x000000000287e740:   00000003000000ff 0000000000010000
0x000000000287e750:   004e000000010000 000000005072c2c5
0x000000000287e760:   0000000000000000 000000000287e958
0x000000000287e770:   0000000000000004 000000000020b505
0x000000000287e780:   000000000020b505 000000000017b505
0x000000000287e790:   000000000287e8a0 00007ff9a1b5c088
0x000000000287e7a0:   0000000000000000 000000000017b505
0x000000000287e7b0:   000000000287e838 000000000287ec50
0x000000000287e7c0:   00000000eb506988 00007ff9a1924da0
0x000000000287e7d0:   000000030017b505 0020b5050000004e
0x000000000287e7e0:   0000000000008000 00000000eb506988
0x000000000287e7f0:   0000000000000001 000000000287ebf0
0x000000000287e800:   000000000017b505 0000800000000000
0x000000000287e810:   0000000019509c63 000080000020b505 

Instructions: (pc=0x00007ff9a1b5ca66)
0x00007ff9a1b5ca46:   8c 24 80 00 00 00 44 8b 54 24 20 3b ce 7d 2e 8d
0x00007ff9a1b5ca56:   04 40 48 63 c9 48 63 d0 48 0f af cd 49 8d 04 0e
0x00007ff9a1b5ca66:   44 88 3c 02 44 88 4c 02 01 44 88 54 02 02 eb 0d
0x00007ff9a1b5ca76:   44 8b 8c 24 80 00 00 00 44 8b 54 24 20 8b 44 24 


Register to memory mapping:

RAX=0x000000001951ac63 is an unknown value
RBX=0x000000000287e860 is pointing into the stack for thread: 0x0000000002982800
RCX=0x0000000000011000 is an unknown value
RDX=0x0000000000000045 is an unknown value
RSP=0x000000000287e720 is pointing into the stack for thread: 0x0000000002982800
RBP=0x0000000000000800 is an unknown value
RSI=0x000000000000004e is an unknown value
RDI=0x000000000000005f is an unknown value
R8 =0x0000000000000001 is an unknown value
R9 =0x0000000000000000 is an unknown value
R10=0x00000000000000ff is an unknown value
R11=0x0000000000010000 is an unknown value
R12=0x000000000287e850 is pointing into the stack for thread: 0x0000000002982800
R13=0xffffffffffff0001 is an unknown value
R14=0x0000000019509c63 is an unknown value
R15=0x0000000000000000 is an unknown value


Stack: [0x0000000002780000,0x0000000002880000],  sp=0x000000000287e720,  free space=1017k
Native frames: (J=compiled Java code, j=interpreted, Vv=VM code, C=native code)
C  [opencv_imgproc300.dll+0x7ca66]
C  [opencv_imgproc300.dll+0x7c088]
C  [opencv_imgproc300.dll+0x7e53c]
C  [opencv_imgproc300.dll+0x7e25f]
C  [opencv_imgproc300.dll+0x7bd9c]
C  [opencv_imgproc300.dll+0x7fe61]
C  [opencv_imgproc300.dll+0x84143]
C  [jniopencv_imgproc.dll+0x141d5]
C  0x0000000002e4b1a0

Java frames: (J=compiled Java code, j=interpreted, Vv=VM code)
J 781  org.bytedeco.javacpp.opencv_imgproc.cvCircle(Lorg/bytedeco/javacpp/helper/opencv_core$CvArr;Lorg/bytedeco/javacpp/opencv_core$CvPoint;ILorg/bytedeco/javacpp/opencv_core$CvScalar;III)V (0 bytes) @ 0x0000000002e4b11a [0x0000000002e4b080+0x9a]
J 772 C2 RecognitionFace.detectEyes(Lorg/bytedeco/javacpp/opencv_core$IplImage;)Z (5255 bytes) @ 0x0000000002e86330 [0x0000000002e83b80+0x27b0]
j  RecognitionFace.processFace(Ljava/awt/image/BufferedImage;)LRecognitionResult;+113
j  Main.main([Ljava/lang/String;)V+157
v  ~StubRoutines::call_stub

---------------  P R O C E S S  ---------------

Java Threads: ( => current thread )
  0x000000001670d000 JavaThread "pool-1-thread-1" [_thread_blocked, id=24824, stack(0x0000000019140000,0x0000000019240000)]
  0x00000000168de000 JavaThread "Java2D Disposer" daemon [_thread_blocked, id=24800, stack(0x0000000016e50000,0x0000000016f50000)]
  0x0000000014e66800 JavaThread "Service Thread" daemon [_thread_blocked, id=24792, stack(0x0000000015f50000,0x0000000016050000)]
  0x0000000014e02800 JavaThread "C1 CompilerThread1" daemon [_thread_blocked, id=24788, stack(0x0000000015e50000,0x0000000015f50000)]
  0x0000000014dfc800 JavaThread "C2 CompilerThread0" daemon [_thread_blocked, id=24784, stack(0x0000000015d50000,0x0000000015e50000)]
  0x0000000014dfb800 JavaThread "Attach Listener" daemon [_thread_blocked, id=24780, stack(0x0000000015c50000,0x0000000015d50000)]
  0x0000000014df8800 JavaThread "Signal Dispatcher" daemon [_thread_blocked, id=24776, stack(0x0000000015b50000,0x0000000015c50000)]
  0x0000000002a75000 JavaThread "Finalizer" daemon [_thread_blocked, id=24772, stack(0x0000000015a50000,0x0000000015b50000)]
  0x0000000002a6a800 JavaThread "Reference Handler" daemon [_thread_blocked, id=24768, stack(0x0000000015950000,0x0000000015a50000)]
=>0x0000000002982800 JavaThread "main" [_thread_in_native, id=24752, stack(0x0000000002780000,0x0000000002880000)]

Other Threads:
  0x0000000014dc6800 VMThread [stack: 0x0000000015850000,0x0000000015950000] [id=24764]
  0x0000000014e77800 WatcherThread [stack: 0x0000000016050000,0x0000000016150000] [id=24796]

VM state:not at safepoint (normal execution)

VM Mutex/Monitor currently owned by a thread: None

Heap:
 PSYoungGen      total 26112K, used 7831K [0x00000000eb500000, 0x00000000eda00000, 0x0000000100000000)
  eden space 16896K, 1% used [0x00000000eb500000,0x00000000eb537028,0x00000000ec580000)
  from space 9216K, 82% used [0x00000000ecf80000,0x00000000ed6eec10,0x00000000ed880000)
  to   space 10240K, 0% used [0x00000000ec580000,0x00000000ec580000,0x00000000ecf80000)
 ParOldGen       total 64000K, used 19414K [0x00000000c1e00000, 0x00000000c5c80000, 0x00000000eb500000)
  object space 64000K, 30% used [0x00000000c1e00000,0x00000000c30f5a78,0x00000000c5c80000)
 Metaspace       used 7820K, capacity 7958K, committed 8192K, reserved 1056768K
  class space    used 870K, capacity 917K, committed 1024K, reserved 1048576K

Card table byte_map: [0x0000000011e40000,0x0000000012040000] byte_map_base: 0x0000000011831000

Marking Bits: (ParMarkBitMap*) 0x0000000050e313b0
 Begin Bits: [0x0000000012390000, 0x0000000013318000)
 End Bits:   [0x0000000013318000, 0x00000000142a0000)

Polling page: 0x0000000001020000

CodeCache: size=245760Kb used=4232Kb max_used=4232Kb free=241527Kb
 bounds [0x0000000002a80000, 0x0000000002eb0000, 0x0000000011a80000]
 total_blobs=1258 nmethods=830 adapters=343
 compilation: enabled

Compilation events (10 events):
Event: 26.665 Thread 0x0000000014e02800 nmethod 820 0x0000000002ea2690 code [0x0000000002ea2820, 0x0000000002ea2b18]
Event: 26.901 Thread 0x0000000014e02800  821       3       org.bytedeco.javacpp.Pointer::<init> (86 bytes)
Event: 26.902 Thread 0x0000000014e02800 nmethod 821 0x0000000002ea2010 code [0x0000000002ea2180, 0x0000000002ea2530]
Event: 30.346 Thread 0x0000000014e02800  823       3       java.awt.Rectangle::<init> (26 bytes)
Event: 30.347 Thread 0x0000000014e02800 nmethod 823 0x0000000002ea1710 code [0x0000000002ea1880, 0x0000000002ea1af0]
Event: 30.347 Thread 0x0000000014e02800  824       3       java.awt.geom.Rectangle2D::<init> (5 bytes)
Event: 30.347 Thread 0x0000000014e02800 nmethod 824 0x0000000002ea12d0 code [0x0000000002ea1440, 0x0000000002ea1630]
Event: 30.347 Thread 0x0000000014e02800  825       1       java.awt.image.DataBuffer::getOffset (5 bytes)
Event: 30.347 Thread 0x0000000014e02800 nmethod 825 0x0000000002ea1010 code [0x0000000002ea1160, 0x0000000002ea1270]
Event: 34.781 Thread 0x0000000014e02800  830       3       org.bytedeco.javacpp.Pointer::init (36 bytes)

GC Heap History (10 events):
Event: 24.102 GC heap before
{Heap before GC invocations=20 (full 0):
 PSYoungGen      total 26624K, used 24605K [0x00000000eb500000, 0x00000000edb80000, 0x0000000100000000)
  eden space 19968K, 90% used [0x00000000eb500000,0x00000000ec697598,0x00000000ec880000)
  from space 6656K, 99% used [0x00000000ed100000,0x00000000ed770000,0x00000000ed780000)
  to   space 4096K, 0% used [0x00000000ed780000,0x00000000ed780000,0x00000000edb80000)
 ParOldGen       total 64000K, used 15734K [0x00000000c1e00000, 0x00000000c5c80000, 0x00000000eb500000)
  object space 64000K, 24% used [0x00000000c1e00000,0x00000000c2d5da78,0x00000000c5c80000)
 Metaspace       used 7816K, capacity 7958K, committed 8192K, reserved 1056768K
  class space    used 870K, capacity 917K, committed 1024K, reserved 1048576K
Event: 24.116 GC heap after
Heap after GC invocations=20 (full 0):
 PSYoungGen      total 23552K, used 4096K [0x00000000eb500000, 0x00000000edb80000, 0x0000000100000000)
  eden space 19456K, 0% used [0x00000000eb500000,0x00000000eb500000,0x00000000ec800000)
  from space 4096K, 100% used [0x00000000ed780000,0x00000000edb80000,0x00000000edb80000)
  to   space 9728K, 0% used [0x00000000ec880000,0x00000000ec880000,0x00000000ed200000)
 ParOldGen       total 64000K, used 17262K [0x00000000c1e00000, 0x00000000c5c80000, 0x00000000eb500000)
  object space 64000K, 26% used [0x00000000c1e00000,0x00000000c2edba78,0x00000000c5c80000)
 Metaspace       used 7816K, capacity 7958K, committed 8192K, reserved 1056768K
  class space    used 870K, capacity 917K, committed 1024K, reserved 1048576K
}
Event: 26.690 GC heap before
{Heap before GC invocations=21 (full 0):
 PSYoungGen      total 23552K, used 21544K [0x00000000eb500000, 0x00000000edb80000, 0x0000000100000000)
  eden space 19456K, 89% used [0x00000000eb500000,0x00000000ec60a088,0x00000000ec800000)
  from space 4096K, 100% used [0x00000000ed780000,0x00000000edb80000,0x00000000edb80000)
  to   space 9728K, 0% used [0x00000000ec880000,0x00000000ec880000,0x00000000ed200000)
 ParOldGen       total 64000K, used 17262K [0x00000000c1e00000, 0x00000000c5c80000, 0x00000000eb500000)
  object space 64000K, 26% used [0x00000000c1e00000,0x00000000c2edba78,0x00000000c5c80000)
 Metaspace       used 7819K, capacity 7958K, committed 8192K, reserved 1056768K
  class space    used 870K, capacity 917K, committed 1024K, reserved 1048576K
Event: 26.706 GC heap after
Heap after GC invocations=21 (full 0):
 PSYoungGen      total 24064K, used 5024K [0x00000000eb500000, 0x00000000eda80000, 0x0000000100000000)
  eden space 18944K, 0% used [0x00000000eb500000,0x00000000eb500000,0x00000000ec780000)
  from space 5120K, 98% used [0x00000000ec880000,0x00000000ecd68000,0x00000000ecd80000)
  to   space 9728K, 0% used [0x00000000ed100000,0x00000000ed100000,0x00000000eda80000)
 ParOldGen       total 64000K, used 19390K [0x00000000c1e00000, 0x00000000c5c80000, 0x00000000eb500000)
  object space 64000K, 30% used [0x00000000c1e00000,0x00000000c30efa78,0x00000000c5c80000)
 Metaspace       used 7819K, capacity 7958K, committed 8192K, reserved 1056768K
  class space    used 870K, capacity 917K, committed 1024K, reserved 1048576K
}
Event: 29.444 GC heap before
{Heap before GC invocations=22 (full 0):
 PSYoungGen      total 24064K, used 22350K [0x00000000eb500000, 0x00000000eda80000, 0x0000000100000000)
  eden space 18944K, 91% used [0x00000000eb500000,0x00000000ec5eb950,0x00000000ec780000)
  from space 5120K, 98% used [0x00000000ec880000,0x00000000ecd68000,0x00000000ecd80000)
  to   space 9728K, 0% used [0x00000000ed100000,0x00000000ed100000,0x00000000eda80000)
 ParOldGen       total 64000K, used 19390K [0x00000000c1e00000, 0x00000000c5c80000, 0x00000000eb500000)
  object space 64000K, 30% used [0x00000000c1e00000,0x00000000c30efa78,0x00000000c5c80000)
 Metaspace       used 7820K, capacity 7958K, committed 8192K, reserved 1056768K
  class space    used 870K, capacity 917K, committed 1024K, reserved 1048576K
Event: 29.455 GC heap after
Heap after GC invocations=22 (full 0):
 PSYoungGen      total 27648K, used 4768K [0x00000000eb500000, 0x00000000eda00000, 0x0000000100000000)
  eden space 18432K, 0% used [0x00000000eb500000,0x00000000eb500000,0x00000000ec700000)
  from space 9216K, 51% used [0x00000000ed100000,0x00000000ed5a8000,0x00000000eda00000)
  to   space 9728K, 0% used [0x00000000ec700000,0x00000000ec700000,0x00000000ed080000)
 ParOldGen       total 64000K, used 19398K [0x00000000c1e00000, 0x00000000c5c80000, 0x00000000eb500000)
  object space 64000K, 30% used [0x00000000c1e00000,0x00000000c30f1a78,0x00000000c5c80000)
 Metaspace       used 7820K, capacity 7958K, committed 8192K, reserved 1056768K
  class space    used 870K, capacity 917K, committed 1024K, reserved 1048576K
}
Event: 32.099 GC heap before
{Heap before GC invocations=23 (full 0):
 PSYoungGen      total 27648K, used 21979K [0x00000000eb500000, 0x00000000eda00000, 0x0000000100000000)
  eden space 18432K, 93% used [0x00000000eb500000,0x00000000ec5cef48,0x00000000ec700000)
  from space 9216K, 51% used [0x00000000ed100000,0x00000000ed5a8000,0x00000000eda00000)
  to   space 9728K, 0% used [0x00000000ec700000,0x00000000ec700000,0x00000000ed080000)
 ParOldGen       total 64000K, used 19398K [0x00000000c1e00000, 0x00000000c5c80000, 0x00000000eb500000)
  object space 64000K, 30% used [0x00000000c1e00000,0x00000000c30f1a78,0x00000000c5c80000)
 Metaspace       used 7820K, capacity 7958K, committed 8192K, reserved 1056768K
  class space    used 870K, capacity 917K, committed 1024K, reserved 1048576K
Event: 32.111 GC heap after
Heap after GC invocations=23 (full 0):
 PSYoungGen      total 23040K, used 4768K [0x00000000eb500000, 0x00000000ed880000, 0x0000000100000000)
  eden space 17920K, 0% used [0x00000000eb500000,0x00000000eb500000,0x00000000ec680000)
  from space 5120K, 93% used [0x00000000ec700000,0x00000000ecba8000,0x00000000ecc00000)
  to   space 9216K, 0% used [0x00000000ecf80000,0x00000000ecf80000,0x00000000ed880000)
 ParOldGen       total 64000K, used 19406K [0x00000000c1e00000, 0x00000000c5c80000, 0x00000000eb500000)
  object space 64000K, 30% used [0x00000000c1e00000,0x00000000c30f3a78,0x00000000c5c80000)
 Metaspace       used 7820K, capacity 7958K, committed 8192K, reserved 1056768K
  class space    used 870K, capacity 917K, committed 1024K, reserved 1048576K
}
Event: 34.744 GC heap before
{Heap before GC invocations=24 (full 0):
 PSYoungGen      total 23040K, used 22688K [0x00000000eb500000, 0x00000000ed880000, 0x0000000100000000)
  eden space 17920K, 100% used [0x00000000eb500000,0x00000000ec680000,0x00000000ec680000)
  from space 5120K, 93% used [0x00000000ec700000,0x00000000ecba8000,0x00000000ecc00000)
  to   space 9216K, 0% used [0x00000000ecf80000,0x00000000ecf80000,0x00000000ed880000)
 ParOldGen       total 64000K, used 19406K [0x00000000c1e00000, 0x00000000c5c80000, 0x00000000eb500000)
  object space 64000K, 30% used [0x00000000c1e00000,0x00000000c30f3a78,0x00000000c5c80000)
 Metaspace       used 7820K, capacity 7958K, committed 8192K, reserved 1056768K
  class space    used 870K, capacity 917K, committed 1024K, reserved 1048576K
Event: 34.758 GC heap after
Heap after GC invocations=24 (full 0):
 PSYoungGen      total 26112K, used 7611K [0x00000000eb500000, 0x00000000eda00000, 0x0000000100000000)
  eden space 16896K, 0% used [0x00000000eb500000,0x00000000eb500000,0x00000000ec580000)
  from space 9216K, 82% used [0x00000000ecf80000,0x00000000ed6eec10,0x00000000ed880000)
  to   space 10240K, 0% used [0x00000000ec580000,0x00000000ec580000,0x00000000ecf80000)
 ParOldGen       total 64000K, used 19414K [0x00000000c1e00000, 0x00000000c5c80000, 0x00000000eb500000)
  object space 64000K, 30% used [0x00000000c1e00000,0x00000000c30f5a78,0x00000000c5c80000)
 Metaspace       used 7820K, capacity 7958K, committed 8192K, reserved 1056768K
  class space    used 870K, capacity 917K, committed 1024K, reserved 1048576K
}

Deoptimization events (3 events):
Event: 3.437 Thread 0x0000000002982800 Uncommon trap: reason=unreached action=reinterpret pc=0x0000000002d8b660 method=java.lang.ref.ReferenceQueue.poll()Ljava/lang/ref/Reference; @ 4
Event: 14.187 Thread 0x0000000002a6a800 Uncommon trap: reason=unreached action=reinterpret pc=0x0000000002e6d9cc method=java.lang.ref.Reference$ReferenceHandler.run()V @ 68
Event: 34.759 Thread 0x0000000002982800 Uncommon trap: reason=unreached action=reinterpret pc=0x0000000002d8aa64 method=java.lang.ref.ReferenceQueue.poll()Ljava/lang/ref/Reference; @ 4

Internal exceptions (10 events):
Event: 2.432 Thread 0x0000000002982800 Exception <a 'java/security/PrivilegedActionException'> (0x00000000eb6945a0) thrown at [D:\re\workspace\8-2-build-windows-amd64-cygwin\jdk8u5\2488\hotspot\src\share\vm\prims\jvm.cpp, line 1248]
Event: 2.437 Thread 0x0000000002982800 Exception <a 'java/security/PrivilegedActionException'> (0x00000000eb6aac88) thrown at [D:\re\workspace\8-2-build-windows-amd64-cygwin\jdk8u5\2488\hotspot\src\share\vm\prims\jvm.cpp, line 1248]
Event: 2.438 Thread 0x0000000002982800 Exception <a 'java/security/PrivilegedActionException'> (0x00000000eb6b34b8) thrown at [D:\re\workspace\8-2-build-windows-amd64-cygwin\jdk8u5\2488\hotspot\src\share\vm\prims\jvm.cpp, line 1248]
Event: 2.520 Thread 0x0000000002982800 Exception <a 'java/security/PrivilegedActionException'> (0x00000000eb6c3fe0) thrown at [D:\re\workspace\8-2-build-windows-amd64-cygwin\jdk8u5\2488\hotspot\src\share\vm\prims\jvm.cpp, line 1248]
Event: 2.520 Thread 0x0000000002982800 Exception <a 'java/security/PrivilegedActionException'> (0x00000000eb6c9c40) thrown at [D:\re\workspace\8-2-build-windows-amd64-cygwin\jdk8u5\2488\hotspot\src\share\vm\prims\jvm.cpp, line 1248]
Event: 2.521 Thread 0x0000000002982800 Exception <a 'java/security/PrivilegedActionException'> (0x00000000eb6cd158) thrown at [D:\re\workspace\8-2-build-windows-amd64-cygwin\jdk8u5\2488\hotspot\src\share\vm\prims\jvm.cpp, line 1248]
Event: 2.522 Thread 0x0000000002982800 Exception <a 'java/security/PrivilegedActionException'> (0x00000000eb6d08d0) thrown at [D:\re\workspace\8-2-build-windows-amd64-cygwin\jdk8u5\2488\hotspot\src\share\vm\prims\jvm.cpp, line 1248]
Event: 3.122 Thread 0x0000000002982800 Exception <a 'java/security/PrivilegedActionException'> (0x00000000eb6f73f0) thrown at [D:\re\workspace\8-2-build-windows-amd64-cygwin\jdk8u5\2488\hotspot\src\share\vm\prims\jvm.cpp, line 1248]
Event: 3.122 Thread 0x0000000002982800 Exception <a 'java/security/PrivilegedActionException'> (0x00000000eb6fd228) thrown at [D:\re\workspace\8-2-build-windows-amd64-cygwin\jdk8u5\2488\hotspot\src\share\vm\prims\jvm.cpp, line 1248]
Event: 3.234 Thread 0x0000000002982800 Exception <a 'java/security/PrivilegedActionException'> (0x00000000eb8a4920) thrown at [D:\re\workspace\8-2-build-windows-amd64-cygwin\jdk8u5\2488\hotspot\src\share\vm\prims\jvm.cpp, line 1248]

Events (10 events):
Event: 34.759 Thread 0x0000000002982800 DEOPT PACKING pc=0x0000000002d8aa64 sp=0x000000000287e7e0
Event: 34.759 Thread 0x0000000002982800 DEOPT UNPACKING pc=0x0000000002ac73ef sp=0x000000000287e690 mode 2
Event: 34.772 Executing VM operation: RevokeBias
Event: 34.772 Executing VM operation: RevokeBias done
Event: 34.772 Executing VM operation: RevokeBias
Event: 34.772 Executing VM operation: RevokeBias done
Event: 34.772 Executing VM operation: RevokeBias
Event: 34.772 Executing VM operation: RevokeBias done
Event: 34.772 Executing VM operation: RevokeBias
Event: 34.772 Executing VM operation: RevokeBias done


Dynamic libraries:
0x00007ff6eb1f0000 - 0x00007ff6eb224000 	C:\Program Files\Java\jdk1.8.0_05\bin\java.exe
0x00007ff9d4450000 - 0x00007ff9d4611000 	C:\WINDOWS\SYSTEM32\ntdll.dll
0x00007ff9d30b0000 - 0x00007ff9d315d000 	C:\WINDOWS\system32\KERNEL32.DLL
0x00007ff9d17e0000 - 0x00007ff9d19bd000 	C:\WINDOWS\system32\KERNELBASE.dll
0x00007ff9d4320000 - 0x00007ff9d43c6000 	C:\WINDOWS\system32\ADVAPI32.dll
0x00007ff9d3530000 - 0x00007ff9d35cd000 	C:\WINDOWS\system32\msvcrt.dll
0x00007ff9d1b20000 - 0x00007ff9d1b7b000 	C:\WINDOWS\system32\sechost.dll
0x00007ff9d3b60000 - 0x00007ff9d3c86000 	C:\WINDOWS\system32\RPCRT4.dll
0x00007ff9d3690000 - 0x00007ff9d37de000 	C:\WINDOWS\system32\USER32.dll
0x00007ff9d32c0000 - 0x00007ff9d3446000 	C:\WINDOWS\system32\GDI32.dll
0x00007ff9c3910000 - 0x00007ff9c3b84000 	C:\WINDOWS\WinSxS\amd64_microsoft.windows.common-controls_6595b64144ccf1df_6.0.10240.16384_none_f41f7b285750ef43\COMCTL32.dll
0x00007ff9d3ef0000 - 0x00007ff9d3f26000 	C:\WINDOWS\system32\IMM32.DLL
0x00007ff9d3160000 - 0x00007ff9d32bc000 	C:\WINDOWS\system32\MSCTF.dll
0x00000000505a0000 - 0x0000000050672000 	C:\Program Files\Java\jdk1.8.0_05\jre\bin\msvcr100.dll
0x0000000050680000 - 0x0000000050eaa000 	C:\Program Files\Java\jdk1.8.0_05\jre\bin\server\jvm.dll
0x00007ff9d3c90000 - 0x00007ff9d3c98000 	C:\WINDOWS\system32\PSAPI.DLL
0x00007ff9c3400000 - 0x00007ff9c3409000 	C:\WINDOWS\SYSTEM32\WSOCK32.dll
0x00007ff9d3ca0000 - 0x00007ff9d3d09000 	C:\WINDOWS\system32\WS2_32.dll
0x00007ff9d3ee0000 - 0x00007ff9d3ee8000 	C:\WINDOWS\system32\NSI.dll
0x00007ff9cf4d0000 - 0x00007ff9cf4f3000 	C:\WINDOWS\SYSTEM32\WINMM.dll
0x00007ff9cf470000 - 0x00007ff9cf49c000 	C:\WINDOWS\SYSTEM32\WINMMBASE.dll
0x00007ff9d19c0000 - 0x00007ff9d1a04000 	C:\WINDOWS\system32\cfgmgr32.dll
0x00007ff9cf750000 - 0x00007ff9cf777000 	C:\WINDOWS\SYSTEM32\DEVOBJ.dll
0x0000000050550000 - 0x000000005055f000 	C:\Program Files\Java\jdk1.8.0_05\jre\bin\verify.dll
0x0000000050520000 - 0x0000000050548000 	C:\Program Files\Java\jdk1.8.0_05\jre\bin\java.dll
0x0000000050500000 - 0x0000000050516000 	C:\Program Files\Java\jdk1.8.0_05\jre\bin\zip.dll
0x00007ff9d1b80000 - 0x00007ff9d30a2000 	C:\WINDOWS\system32\SHELL32.dll
0x00007ff9d11b0000 - 0x00007ff9d17d8000 	C:\WINDOWS\system32\windows.storage.dll
0x00007ff9d3ff0000 - 0x00007ff9d426c000 	C:\WINDOWS\system32\combase.dll
0x00007ff9d3f90000 - 0x00007ff9d3fe1000 	C:\WINDOWS\system32\shlwapi.dll
0x00007ff9d0ea0000 - 0x00007ff9d0eaf000 	C:\WINDOWS\system32\kernel.appcore.dll
0x00007ff9d10f0000 - 0x00007ff9d11a3000 	C:\WINDOWS\system32\shcore.dll
0x00007ff9d0eb0000 - 0x00007ff9d0efa000 	C:\WINDOWS\system32\powrprof.dll
0x00007ff9d0e80000 - 0x00007ff9d0e93000 	C:\WINDOWS\system32\profapi.dll
0x00007ff9acd10000 - 0x00007ff9acdff000 	C:\Users\Rock\AppData\Local\Temp\javacpp12114112581101\msvcr120.dll
0x00007ff9aa8a0000 - 0x00007ff9aa946000 	C:\Users\Rock\AppData\Local\Temp\javacpp12114112581101\msvcp120.dll
0x00007ff9a1e60000 - 0x00007ff9a20e1000 	C:\Users\Rock\AppData\Local\Temp\javacpp12114112581101\opencv_core300.dll
0x00007ff9a1ae0000 - 0x00007ff9a1e5f000 	C:\Users\Rock\AppData\Local\Temp\javacpp12114112581101\opencv_imgproc300.dll
0x00007ff9a1920000 - 0x00007ff9a1ad5000 	C:\Users\Rock\AppData\Local\Temp\javacpp12114112581101\jniopencv_core.dll
0x00007ff9ace10000 - 0x00007ff9aceb5000 	C:\Users\Rock\AppData\Local\Temp\javacpp12114112581101\jniopencv_imgproc.dll
0x00007ff9a1660000 - 0x00007ff9a1917000 	C:\Users\Rock\AppData\Local\Temp\javacpp12114112581101\opencv_imgcodecs300.dll
0x00007ff9c75e0000 - 0x00007ff9c75fb000 	C:\Users\Rock\AppData\Local\Temp\javacpp12114112581101\jniopencv_imgcodecs.dll
0x00007ff9befd0000 - 0x00007ff9bf018000 	C:\Users\Rock\AppData\Local\Temp\javacpp12114112581101\opencv_videoio300.dll
0x00007ff9d3800000 - 0x00007ff9d3941000 	C:\WINDOWS\system32\ole32.dll
0x00007ff9d35d0000 - 0x00007ff9d368e000 	C:\WINDOWS\system32\OLEAUT32.dll
0x00007ff9bf5e0000 - 0x00007ff9bf609000 	C:\WINDOWS\SYSTEM32\MSVFW32.dll
0x00007ff9c75c0000 - 0x00007ff9c75e0000 	C:\WINDOWS\SYSTEM32\AVIFIL32.dll
0x00007ff9c4400000 - 0x00007ff9c4418000 	C:\WINDOWS\SYSTEM32\AVICAP32.dll
0x00007ff9c2250000 - 0x00007ff9c226c000 	C:\WINDOWS\SYSTEM32\MSACM32.dll
0x00007ff9c0700000 - 0x00007ff9c0714000 	C:\Users\Rock\AppData\Local\Temp\javacpp12114112581101\jniopencv_videoio.dll
0x00007ff9befa0000 - 0x00007ff9befca000 	C:\Users\Rock\AppData\Local\Temp\javacpp12114112581101\opencv_highgui300.dll
0x00007ff9d3450000 - 0x00007ff9d3527000 	C:\WINDOWS\system32\COMDLG32.dll
0x00007ff9be5c0000 - 0x00007ff9be5f3000 	C:\Users\Rock\AppData\Local\Temp\javacpp12114112581101\jniopencv_highgui.dll
0x00007ff9a70f0000 - 0x00007ff9a71c0000 	C:\Users\Rock\AppData\Local\Temp\javacpp12114112581101\opencv_ml300.dll
0x00007ff9be380000 - 0x00007ff9be3ae000 	C:\Users\Rock\AppData\Local\Temp\javacpp12114112581101\jniopencv_ml.dll
0x00007ff9a6ff0000 - 0x00007ff9a7090000 	C:\Users\Rock\AppData\Local\Temp\javacpp12114112581101\opencv_objdetect300.dll
0x00007ff9ae140000 - 0x00007ff9ae18a000 	C:\Users\Rock\AppData\Local\Temp\javacpp12114112581101\jniopencv_objdetect.dll
0x0000000050320000 - 0x00000000504b6000 	C:\Program Files\Java\jdk1.8.0_05\jre\bin\awt.dll
0x00007ff9cf5d0000 - 0x00007ff9cf648000 	C:\WINDOWS\system32\apphelp.dll
0x0000000050010000 - 0x0000000050040000 	C:\Program Files\Java\jdk1.8.0_05\jre\bin\jpeg.dll
0x00007ff9d0c30000 - 0x00007ff9d0c9b000 	C:\WINDOWS\SYSTEM32\bcryptPrimitives.dll
0x00007ff9c2d30000 - 0x00007ff9c2eba000 	C:\WINDOWS\SYSTEM32\dbghelp.dll

VM Arguments:
java_command: Main
java_class_path (initial): E:\javasensei\CreateDataset\target\classes;C:\Users\Rock\.m2\repository\org\bytedeco\javacv\1.0\javacv-1.0.jar;C:\Users\Rock\.m2\repository\org\bytedeco\javacpp\1.0\javacpp-1.0.jar;C:\Users\Rock\.m2\repository\org\bytedeco\javacpp-presets\opencv\3.0.0-1.0\opencv-3.0.0-1.0.jar;C:\Users\Rock\.m2\repository\org\bytedeco\javacpp-presets\opencv\3.0.0-1.0\opencv-3.0.0-1.0-windows-x86_64.jar;C:\Users\Rock\.m2\repository\org\bytedeco\javacpp-presets\ffmpeg\2.7.1-1.0\ffmpeg-2.7.1-1.0.jar;C:\Users\Rock\.m2\repository\org\bytedeco\javacpp-presets\ffmpeg\2.7.1-1.0\ffmpeg-2.7.1-1.0-windows-x86_64.jar;C:\Users\Rock\.m2\repository\org\bytedeco\javacpp-presets\flycapture\2.7.3.19-1.0\flycapture-2.7.3.19-1.0.jar;C:\Users\Rock\.m2\repository\org\bytedeco\javacpp-presets\flycapture\2.7.3.19-1.0\flycapture-2.7.3.19-1.0-windows-x86_64.jar;C:\Users\Rock\.m2\repository\org\bytedeco\javacpp-presets\libdc1394\2.2.3-1.0\libdc1394-2.2.3-1.0.jar;C:\Users\Rock\.m2\repository\org\bytedeco\javacpp-presets\libdc1394\2.2.3-1.0\libdc1394-2.2.3-1.0-windows-x86_64.jar;C:\Users\Rock\.m2\repository\org\bytedeco\javacpp-presets\libfreenect\0.5.2-1.0\libfreenect-0.5.2-1.0.jar;C:\Users\Rock\.m2\repository\org\bytedeco\javacpp-presets\libfreenect\0.5.2-1.0\libfreenect-0.5.2-1.0-windows-x86_64.jar;C:\Users\Rock\.m2\repository\org\bytedeco\javacpp-presets\videoinput\0.200-1.0\videoinput-0.200-1.0.jar;C:\Users\Rock\.m2\repository\org\bytedeco\javacpp-presets\videoinput\0.200-1.0\videoinput-0.200-1.0-windows-x86_64.jar;C:\Users\Rock\.m2\repository\org\bytedeco\javacpp-presets\artoolkitplus\2.3.1-1.0\artoolkitplus-2.3.1-1.0.jar;C:\Users\Rock\.m2\repository\org\bytedeco\javacpp-presets\artoolkitplus\2.3.1-1.0\artoolkitplus-2.3.1-1.0-windows-x86_64.jar;C:\Users\Rock\.m2\repository\org\bytedeco\javacpp-presets\flandmark\1.07-1.0\flandmark-1.07-1.0.jar;C:\Users\Rock\.m2\repository\org\bytedeco\javacpp-presets\flandmark\1.07-1.0\flandmark-1.07-1.0-windows-x86_64.jar;C:\Users\Rock\.m2\repo
Launcher Type: SUN_STANDARD

Environment Variables:
JAVA_HOME=C:\Program Files\Java\jdk1.8.0_05
PATH=C:\ProgramData\Oracle\Java\javapath;C:\Program Files (x86)\Intel\iCLS Client\;C:\Program Files\Intel\iCLS Client\;C:\WINDOWS\system32;C:\WINDOWS;C:\WINDOWS\System32\Wbem;C:\WINDOWS\System32\WindowsPowerShell\v1.0\;C:\Program Files\Intel\Intel(R) Management Engine Components\DAL;C:\Program Files\Intel\Intel(R) Management Engine Components\IPT;C:\Program Files (x86)\Intel\Intel(R) Management Engine Components\DAL;C:\Program Files (x86)\Intel\Intel(R) Management Engine Components\IPT;C:\Program Files (x86)\Intel\OpenCL SDK\2.0\bin\x86;C:\Program Files (x86)\Intel\OpenCL SDK\2.0\bin\x64;C:\Program Files (x86)\MySQL\MySQL Utilities 1.3.6\;C:\Program Files\TortoiseSVN\bin;C:\Program Files\MongoDB 2.6 Standard\bin;C:\Program Files (x86)\Windows Live\Shared;C:\Program Files\Microsoft\Web Platform Installer\;C:\Program Files (x86)\WinMerge;C:\Program Files (x86)\Git\cmd;C:\Program Files (x86)\QuickTime\QTSystem\;C:\Program Files (x86)\nodejs\;C:\WINDOWS\system32;C:\WINDOWS;C:\WINDOWS\System32\Wbem;C:\WINDOWS\System32\WindowsPowerShell\v1.0\;C:\WINDOWS\system32\config\systemprofile\.dnx\bin;C:\Program Files\Microsoft DNX\Dnvm\;C:\Program Files (x86)\Windows Kits\10\Windows Performance Toolkit\;C:\apache-maven-3.3.3\bin;C:\Program Files\Perforce;C:\Program Files\Perforce\DVCS\;C:\Users\Rock\AppData\Roaming\npm;C:\Users\Rock\AppData\Local\atom\bin
USERNAME=Rock
OS=Windows_NT
PROCESSOR_IDENTIFIER=Intel64 Family 6 Model 58 Stepping 9, GenuineIntel



---------------  S Y S T E M  ---------------

OS: Windows 8.1 , 64 bit Build 9600 

CPU:total 2 (2 cores per cpu, 1 threads per core) family 6 model 58 stepping 9, cmov, cx8, fxsr, mmx, sse, sse2, sse3, ssse3, sse4.1, sse4.2, popcnt, clmul, erms, tsc, tscinvbit

Memory: 4k page, physical 4070680k(291216k free), swap 7478552k(1811080k free)

vm_info: Java HotSpot(TM) 64-Bit Server VM (25.5-b02) for windows-amd64 JRE (1.8.0_05-b13), built on Mar 18 2014 01:08:39 by "java_re" with MS VC++ 10.0 (VS2010)

time: Thu Oct 08 02:09:26 2015
elapsed time: 34 seconds

