#
# A fatal error has been detected by the Java Runtime Environment:
#
#  EXCEPTION_ACCESS_VIOLATION (0xc0000005) at pc=0x00007ff9a1b5ca66, pid=23372, tid=21704
#
# JRE version: Java(TM) SE Runtime Environment (8.0_05-b13) (build 1.8.0_05-b13)
# Java VM: Java HotSpot(TM) 64-Bit Server VM (25.5-b02 mixed mode windows-amd64 compressed oops)
# Problematic frame:
# C  [opencv_imgproc300.dll+0x7ca66]
#
# Failed to write core dump. Minidumps are not enabled by default on client versions of Windows
#
# If you would like to submit a bug report, please visit:
#   http://bugreport.sun.com/bugreport/crash.jsp
# The crash happened outside the Java Virtual Machine in native code.
# See problematic frame for where to report the bug.
#

---------------  T H R E A D  ---------------

Current thread (0x0000000002772800):  JavaThread "main" [_thread_in_native, id=21704, stack(0x0000000002590000,0x0000000002690000)]

siginfo: ExceptionCode=0xc0000005, writing address 0x00000000194103a0

Registers:
RAX=0x0000000019410310, RBX=0x000000000268ed80, RCX=0x000000000000b800, RDX=0x0000000000000090
RSP=0x000000000268ec40, RBP=0x0000000000000800, RSI=0x0000000000000047, RDI=0x000000000000005d
R8 =0x0000000000000001, R9 =0x00000000000000ff, R10=0x0000000000000000, R11=0x0000000000010000
R12=0x000000000268ed70, R13=0xffffffffffff0001, R14=0x0000000019404b10, R15=0x0000000000000000
RIP=0x00007ff9a1b5ca66, EFLAGS=0x0000000000010206

Top of Stack: (sp=0x000000000268ec40)
0x000000000268ec40:   000000000268ed80 0000000000000800
0x000000000268ec50:   0000000000000047 000000000000005d
0x000000000268ec60:   0000000300000000 0000000000010000
0x000000000268ec70:   0047000000010000 0000000002b8f340
0x000000000268ec80:   0000000000000000 000000000268ee78
0x000000000268ec90:   0000000000000004 000000000015b505
0x000000000268eca0:   000000000015b505 000000000030b505
0x000000000268ecb0:   000000000268edc0 00007ff9a1b5c088
0x000000000268ecc0:   00000000000000ff 000000000030b505
0x000000000268ecd0:   0000000000000011 000000000268f170
0x000000000268ece0:   000000000268ed40 0000000002877380
0x000000000268ecf0:   000000030030b505 0015b50500000047
0x000000000268ed00:   0000000000008000 0000000000000000
0x000000000268ed10:   0000000000000001 000000000268f110
0x000000000268ed20:   000000000030b505 0000800000000000
0x000000000268ed30:   0000000019404b10 000080000015b505 

Instructions: (pc=0x00007ff9a1b5ca66)
0x00007ff9a1b5ca46:   8c 24 80 00 00 00 44 8b 54 24 20 3b ce 7d 2e 8d
0x00007ff9a1b5ca56:   04 40 48 63 c9 48 63 d0 48 0f af cd 49 8d 04 0e
0x00007ff9a1b5ca66:   44 88 3c 02 44 88 4c 02 01 44 88 54 02 02 eb 0d
0x00007ff9a1b5ca76:   44 8b 8c 24 80 00 00 00 44 8b 54 24 20 8b 44 24 


Register to memory mapping:

RAX=0x0000000019410310 is an unknown value
RBX=0x000000000268ed80 is pointing into the stack for thread: 0x0000000002772800
RCX=0x000000000000b800 is an unknown value
RDX=0x0000000000000090 is an unknown value
RSP=0x000000000268ec40 is pointing into the stack for thread: 0x0000000002772800
RBP=0x0000000000000800 is an unknown value
RSI=0x0000000000000047 is an unknown value
RDI=0x000000000000005d is an unknown value
R8 =0x0000000000000001 is an unknown value
R9 =0x00000000000000ff is an unknown value
R10=0x0000000000000000 is an unknown value
R11=0x0000000000010000 is an unknown value
R12=0x000000000268ed70 is pointing into the stack for thread: 0x0000000002772800
R13=0xffffffffffff0001 is an unknown value
R14=0x0000000019404b10 is an unknown value
R15=0x0000000000000000 is an unknown value


Stack: [0x0000000002590000,0x0000000002690000],  sp=0x000000000268ec40,  free space=1019k
Native frames: (J=compiled Java code, j=interpreted, Vv=VM code, C=native code)
C  [opencv_imgproc300.dll+0x7ca66]
C  [opencv_imgproc300.dll+0x7c088]
C  [opencv_imgproc300.dll+0x7e53c]
C  [opencv_imgproc300.dll+0x7e25f]
C  [opencv_imgproc300.dll+0x7bd9c]
C  [opencv_imgproc300.dll+0x7fe61]
C  [opencv_imgproc300.dll+0x84143]
C  [jniopencv_imgproc.dll+0x141d5]
C  0x0000000002882eee

Java frames: (J=compiled Java code, j=interpreted, Vv=VM code)
j  org.bytedeco.javacpp.opencv_imgproc.cvCircle(Lorg/bytedeco/javacpp/helper/opencv_core$CvArr;Lorg/bytedeco/javacpp/opencv_core$CvPoint;ILorg/bytedeco/javacpp/opencv_core$CvScalar;III)V+0
J 773 C2 RecognitionFace.detectEyes(Lorg/bytedeco/javacpp/opencv_core$IplImage;)Z (5255 bytes) @ 0x0000000002be99a4 [0x0000000002be7840+0x2164]
j  RecognitionFace.processFace(Ljava/awt/image/BufferedImage;)LRecognitionResult;+113
j  Main.main([Ljava/lang/String;)V+152
v  ~StubRoutines::call_stub

---------------  P R O C E S S  ---------------

Java Threads: ( => current thread )
  0x000000001639d000 JavaThread "Java2D Disposer" daemon [_thread_blocked, id=22936, stack(0x0000000016c40000,0x0000000016d40000)]
  0x0000000014c4d800 JavaThread "Service Thread" daemon [_thread_blocked, id=23176, stack(0x0000000015d40000,0x0000000015e40000)]
  0x0000000014bf2000 JavaThread "C1 CompilerThread1" daemon [_thread_blocked, id=23312, stack(0x0000000015c40000,0x0000000015d40000)]
  0x0000000014beb800 JavaThread "C2 CompilerThread0" daemon [_thread_blocked, id=23112, stack(0x0000000015b40000,0x0000000015c40000)]
  0x0000000014bea000 JavaThread "Attach Listener" daemon [_thread_blocked, id=23148, stack(0x0000000015a40000,0x0000000015b40000)]
  0x0000000014be7000 JavaThread "Signal Dispatcher" daemon [_thread_blocked, id=22480, stack(0x0000000015940000,0x0000000015a40000)]
  0x0000000002863800 JavaThread "Finalizer" daemon [_thread_blocked, id=22440, stack(0x0000000015840000,0x0000000015940000)]
  0x0000000002859000 JavaThread "Reference Handler" daemon [_thread_blocked, id=23128, stack(0x0000000015740000,0x0000000015840000)]
=>0x0000000002772800 JavaThread "main" [_thread_in_native, id=21704, stack(0x0000000002590000,0x0000000002690000)]

Other Threads:
  0x0000000014bb6800 VMThread [stack: 0x0000000015640000,0x0000000015740000] [id=22128]
  0x0000000014c4f000 WatcherThread [stack: 0x0000000015e40000,0x0000000015f40000] [id=23212]

VM state:not at safepoint (normal execution)

VM Mutex/Monitor currently owned by a thread: None

Heap:
 PSYoungGen      total 18432K, used 4800K [0x00000000eb500000, 0x00000000ed700000, 0x0000000100000000)
  eden space 13824K, 1% used [0x00000000eb500000,0x00000000eb531640,0x00000000ec280000)
  from space 4608K, 99% used [0x00000000ec280000,0x00000000ec6fec10,0x00000000ec700000)
  to   space 6144K, 0% used [0x00000000ed100000,0x00000000ed100000,0x00000000ed700000)
 ParOldGen       total 64000K, used 11897K [0x00000000c1e00000, 0x00000000c5c80000, 0x00000000eb500000)
  object space 64000K, 18% used [0x00000000c1e00000,0x00000000c299e688,0x00000000c5c80000)
 Metaspace       used 7702K, capacity 7802K, committed 8064K, reserved 1056768K
  class space    used 852K, capacity 885K, committed 896K, reserved 1048576K

Card table byte_map: [0x0000000011c30000,0x0000000011e30000] byte_map_base: 0x0000000011621000

Marking Bits: (ParMarkBitMap*) 0x0000000050e313b0
 Begin Bits: [0x0000000012180000, 0x0000000013108000)
 End Bits:   [0x0000000013108000, 0x0000000014090000)

Polling page: 0x0000000000e20000

CodeCache: size=245760Kb used=3608Kb max_used=3627Kb free=242151Kb
 bounds [0x0000000002870000, 0x0000000002c00000, 0x0000000011870000]
 total_blobs=1203 nmethods=779 adapters=339
 compilation: enabled

Compilation events (10 events):
Event: 7.459 Thread 0x0000000014bf2000 nmethod 775 0x0000000002bd99d0 code [0x0000000002bd9b80, 0x0000000002bda548]
Event: 7.461 Thread 0x0000000014bf2000  776  s    3       java.util.Vector::removeElementAt (115 bytes)
Event: 7.462 Thread 0x0000000014bf2000 nmethod 776 0x0000000002bdc750 code [0x0000000002bdc980, 0x0000000002bdd708]
Event: 7.721 Thread 0x0000000014beb800 nmethod 773 0x0000000002be61d0 code [0x0000000002be7840, 0x0000000002beeb28]
Event: 7.722 Thread 0x0000000014beb800  777   !   4       com.sun.imageio.plugins.jpeg.JPEGImageReader::acceptPixels (522 bytes)
Event: 7.747 Thread 0x0000000014beb800 nmethod 777 0x0000000002be3450 code [0x0000000002be3660, 0x0000000002be4030]
Event: 8.356 Thread 0x0000000014beb800  778 % !   4       java.lang.ref.Reference$ReferenceHandler::run @ 0 (102 bytes)
Event: 8.362 Thread 0x0000000014bf2000  779       3       org.bytedeco.javacpp.Pointer::deallocator (71 bytes)
Event: 8.363 Thread 0x0000000014bf2000 nmethod 779 0x0000000002be52d0 code [0x0000000002be54c0, 0x0000000002be5e78]
Event: 8.367 Thread 0x0000000014beb800 nmethod 778% 0x0000000002bdecd0 code [0x0000000002bdee80, 0x0000000002bdf948]

GC Heap History (10 events):
Event: 1.905 GC heap before
{Heap before GC invocations=11 (full 0):
 PSYoungGen      total 7680K, used 6848K [0x00000000eb500000, 0x00000000ebd80000, 0x0000000100000000)
  eden space 6656K, 100% used [0x00000000eb500000,0x00000000ebb80000,0x00000000ebb80000)
  from space 1024K, 18% used [0x00000000ebc80000,0x00000000ebcb0000,0x00000000ebd80000)
  to   space 1024K, 0% used [0x00000000ebb80000,0x00000000ebb80000,0x00000000ebc80000)
 ParOldGen       total 64000K, used 1086K [0x00000000c1e00000, 0x00000000c5c80000, 0x00000000eb500000)
  object space 64000K, 1% used [0x00000000c1e00000,0x00000000c1f0f898,0x00000000c5c80000)
 Metaspace       used 7536K, capacity 7610K, committed 7808K, reserved 1056768K
  class space    used 838K, capacity 885K, committed 896K, reserved 1048576K
Event: 1.928 GC heap after
Heap after GC invocations=11 (full 0):
 PSYoungGen      total 7680K, used 448K [0x00000000eb500000, 0x00000000ec180000, 0x0000000100000000)
  eden space 6656K, 0% used [0x00000000eb500000,0x00000000eb500000,0x00000000ebb80000)
  from space 1024K, 43% used [0x00000000ebb80000,0x00000000ebbf0000,0x00000000ebc80000)
  to   space 1024K, 0% used [0x00000000ec080000,0x00000000ec080000,0x00000000ec180000)
 ParOldGen       total 64000K, used 3249K [0x00000000c1e00000, 0x00000000c5c80000, 0x00000000eb500000)
  object space 64000K, 5% used [0x00000000c1e00000,0x00000000c212c4a8,0x00000000c5c80000)
 Metaspace       used 7536K, capacity 7610K, committed 7808K, reserved 1056768K
  class space    used 838K, capacity 885K, committed 896K, reserved 1048576K
}
Event: 2.992 GC heap before
{Heap before GC invocations=12 (full 0):
 PSYoungGen      total 7680K, used 7104K [0x00000000eb500000, 0x00000000ec180000, 0x0000000100000000)
  eden space 6656K, 100% used [0x00000000eb500000,0x00000000ebb80000,0x00000000ebb80000)
  from space 1024K, 43% used [0x00000000ebb80000,0x00000000ebbf0000,0x00000000ebc80000)
  to   space 1024K, 0% used [0x00000000ec080000,0x00000000ec080000,0x00000000ec180000)
 ParOldGen       total 64000K, used 3249K [0x00000000c1e00000, 0x00000000c5c80000, 0x00000000eb500000)
  object space 64000K, 5% used [0x00000000c1e00000,0x00000000c212c4a8,0x00000000c5c80000)
 Metaspace       used 7681K, capacity 7802K, committed 8064K, reserved 1056768K
  class space    used 852K, capacity 885K, committed 896K, reserved 1048576K
Event: 2.999 GC heap after
Heap after GC invocations=12 (full 0):
 PSYoungGen      total 9728K, used 1024K [0x00000000eb500000, 0x00000000ec580000, 0x0000000100000000)
  eden space 8704K, 0% used [0x00000000eb500000,0x00000000eb500000,0x00000000ebd80000)
  from space 1024K, 100% used [0x00000000ec080000,0x00000000ec180000,0x00000000ec180000)
  to   space 3072K, 0% used [0x00000000ebd80000,0x00000000ebd80000,0x00000000ec080000)
 ParOldGen       total 64000K, used 8377K [0x00000000c1e00000, 0x00000000c5c80000, 0x00000000eb500000)
  object space 64000K, 13% used [0x00000000c1e00000,0x00000000c262e688,0x00000000c5c80000)
 Metaspace       used 7681K, capacity 7802K, committed 8064K, reserved 1056768K
  class space    used 852K, capacity 885K, committed 896K, reserved 1048576K
}
Event: 4.788 GC heap before
{Heap before GC invocations=13 (full 0):
 PSYoungGen      total 9728K, used 9628K [0x00000000eb500000, 0x00000000ec580000, 0x0000000100000000)
  eden space 8704K, 98% used [0x00000000eb500000,0x00000000ebd67348,0x00000000ebd80000)
  from space 1024K, 100% used [0x00000000ec080000,0x00000000ec180000,0x00000000ec180000)
  to   space 3072K, 0% used [0x00000000ebd80000,0x00000000ebd80000,0x00000000ec080000)
 ParOldGen       total 64000K, used 8377K [0x00000000c1e00000, 0x00000000c5c80000, 0x00000000eb500000)
  object space 64000K, 13% used [0x00000000c1e00000,0x00000000c262e688,0x00000000c5c80000)
 Metaspace       used 7682K, capacity 7802K, committed 8064K, reserved 1056768K
  class space    used 852K, capacity 885K, committed 896K, reserved 1048576K
Event: 4.799 GC heap after
Heap after GC invocations=13 (full 0):
 PSYoungGen      total 11776K, used 3072K [0x00000000eb500000, 0x00000000ecb00000, 0x0000000100000000)
  eden space 8704K, 0% used [0x00000000eb500000,0x00000000eb500000,0x00000000ebd80000)
  from space 3072K, 100% used [0x00000000ebd80000,0x00000000ec080000,0x00000000ec080000)
  to   space 4096K, 0% used [0x00000000ec700000,0x00000000ec700000,0x00000000ecb00000)
 ParOldGen       total 64000K, used 9569K [0x00000000c1e00000, 0x00000000c5c80000, 0x00000000eb500000)
  object space 64000K, 14% used [0x00000000c1e00000,0x00000000c2758688,0x00000000c5c80000)
 Metaspace       used 7682K, capacity 7802K, committed 8064K, reserved 1056768K
  class space    used 852K, capacity 885K, committed 896K, reserved 1048576K
}
Event: 5.867 GC heap before
{Heap before GC invocations=14 (full 0):
 PSYoungGen      total 11776K, used 11776K [0x00000000eb500000, 0x00000000ecb00000, 0x0000000100000000)
  eden space 8704K, 100% used [0x00000000eb500000,0x00000000ebd80000,0x00000000ebd80000)
  from space 3072K, 100% used [0x00000000ebd80000,0x00000000ec080000,0x00000000ec080000)
  to   space 4096K, 0% used [0x00000000ec700000,0x00000000ec700000,0x00000000ecb00000)
 ParOldGen       total 64000K, used 9569K [0x00000000c1e00000, 0x00000000c5c80000, 0x00000000eb500000)
  object space 64000K, 14% used [0x00000000c1e00000,0x00000000c2758688,0x00000000c5c80000)
 Metaspace       used 7700K, capacity 7802K, committed 8064K, reserved 1056768K
  class space    used 852K, capacity 885K, committed 896K, reserved 1048576K
Event: 5.872 GC heap after
Heap after GC invocations=14 (full 0):
 PSYoungGen      total 17920K, used 3451K [0x00000000eb500000, 0x00000000ecc00000, 0x0000000100000000)
  eden space 13824K, 0% used [0x00000000eb500000,0x00000000eb500000,0x00000000ec280000)
  from space 4096K, 84% used [0x00000000ec700000,0x00000000eca5ec10,0x00000000ecb00000)
  to   space 4608K, 0% used [0x00000000ec280000,0x00000000ec280000,0x00000000ec700000)
 ParOldGen       total 64000K, used 9833K [0x00000000c1e00000, 0x00000000c5c80000, 0x00000000eb500000)
  object space 64000K, 15% used [0x00000000c1e00000,0x00000000c279a688,0x00000000c5c80000)
 Metaspace       used 7700K, capacity 7802K, committed 8064K, reserved 1056768K
  class space    used 852K, capacity 885K, committed 896K, reserved 1048576K
}
Event: 8.318 GC heap before
{Heap before GC invocations=15 (full 0):
 PSYoungGen      total 17920K, used 17275K [0x00000000eb500000, 0x00000000ecc00000, 0x0000000100000000)
  eden space 13824K, 100% used [0x00000000eb500000,0x00000000ec280000,0x00000000ec280000)
  from space 4096K, 84% used [0x00000000ec700000,0x00000000eca5ec10,0x00000000ecb00000)
  to   space 4608K, 0% used [0x00000000ec280000,0x00000000ec280000,0x00000000ec700000)
 ParOldGen       total 64000K, used 9833K [0x00000000c1e00000, 0x00000000c5c80000, 0x00000000eb500000)
  object space 64000K, 15% used [0x00000000c1e00000,0x00000000c279a688,0x00000000c5c80000)
 Metaspace       used 7702K, capacity 7802K, committed 8064K, reserved 1056768K
  class space    used 852K, capacity 885K, committed 896K, reserved 1048576K
Event: 8.331 GC heap after
Heap after GC invocations=15 (full 0):
 PSYoungGen      total 18432K, used 4603K [0x00000000eb500000, 0x00000000ed700000, 0x0000000100000000)
  eden space 13824K, 0% used [0x00000000eb500000,0x00000000eb500000,0x00000000ec280000)
  from space 4608K, 99% used [0x00000000ec280000,0x00000000ec6fec10,0x00000000ec700000)
  to   space 6144K, 0% used [0x00000000ed100000,0x00000000ed100000,0x00000000ed700000)
 ParOldGen       total 64000K, used 11897K [0x00000000c1e00000, 0x00000000c5c80000, 0x00000000eb500000)
  object space 64000K, 18% used [0x00000000c1e00000,0x00000000c299e688,0x00000000c5c80000)
 Metaspace       used 7702K, capacity 7802K, committed 8064K, reserved 1056768K
  class space    used 852K, capacity 885K, committed 896K, reserved 1048576K
}

Deoptimization events (2 events):
Event: 3.168 Thread 0x0000000002772800 Uncommon trap: reason=unreached action=reinterpret pc=0x0000000002b8fb60 method=java.lang.ref.ReferenceQueue.poll()Ljava/lang/ref/Reference; @ 4
Event: 8.331 Thread 0x0000000002772800 Uncommon trap: reason=unreached action=reinterpret pc=0x0000000002b8ef64 method=java.lang.ref.ReferenceQueue.poll()Ljava/lang/ref/Reference; @ 4

Internal exceptions (10 events):
Event: 2.129 Thread 0x0000000002772800 Exception <a 'java/security/PrivilegedActionException'> (0x00000000eb68ef50) thrown at [D:\re\workspace\8-2-build-windows-amd64-cygwin\jdk8u5\2488\hotspot\src\share\vm\prims\jvm.cpp, line 1248]
Event: 2.130 Thread 0x0000000002772800 Exception <a 'java/security/PrivilegedActionException'> (0x00000000eb6918e0) thrown at [D:\re\workspace\8-2-build-windows-amd64-cygwin\jdk8u5\2488\hotspot\src\share\vm\prims\jvm.cpp, line 1248]
Event: 2.150 Thread 0x0000000002772800 Exception <a 'java/security/PrivilegedActionException'> (0x00000000eb6a8300) thrown at [D:\re\workspace\8-2-build-windows-amd64-cygwin\jdk8u5\2488\hotspot\src\share\vm\prims\jvm.cpp, line 1248]
Event: 2.151 Thread 0x0000000002772800 Exception <a 'java/security/PrivilegedActionException'> (0x00000000eb6b0900) thrown at [D:\re\workspace\8-2-build-windows-amd64-cygwin\jdk8u5\2488\hotspot\src\share\vm\prims\jvm.cpp, line 1248]
Event: 2.238 Thread 0x0000000002772800 Exception <a 'java/security/PrivilegedActionException'> (0x00000000eb6c18a8) thrown at [D:\re\workspace\8-2-build-windows-amd64-cygwin\jdk8u5\2488\hotspot\src\share\vm\prims\jvm.cpp, line 1248]
Event: 2.239 Thread 0x0000000002772800 Exception <a 'java/security/PrivilegedActionException'> (0x00000000eb6c7230) thrown at [D:\re\workspace\8-2-build-windows-amd64-cygwin\jdk8u5\2488\hotspot\src\share\vm\prims\jvm.cpp, line 1248]
Event: 2.240 Thread 0x0000000002772800 Exception <a 'java/security/PrivilegedActionException'> (0x00000000eb6ca510) thrown at [D:\re\workspace\8-2-build-windows-amd64-cygwin\jdk8u5\2488\hotspot\src\share\vm\prims\jvm.cpp, line 1248]
Event: 2.240 Thread 0x0000000002772800 Exception <a 'java/security/PrivilegedActionException'> (0x00000000eb6cda50) thrown at [D:\re\workspace\8-2-build-windows-amd64-cygwin\jdk8u5\2488\hotspot\src\share\vm\prims\jvm.cpp, line 1248]
Event: 2.843 Thread 0x0000000002772800 Exception <a 'java/security/PrivilegedActionException'> (0x00000000eb6f4570) thrown at [D:\re\workspace\8-2-build-windows-amd64-cygwin\jdk8u5\2488\hotspot\src\share\vm\prims\jvm.cpp, line 1248]
Event: 2.844 Thread 0x0000000002772800 Exception <a 'java/security/PrivilegedActionException'> (0x00000000eb6fa0d0) thrown at [D:\re\workspace\8-2-build-windows-amd64-cygwin\jdk8u5\2488\hotspot\src\share\vm\prims\jvm.cpp, line 1248]

Events (10 events):
Event: 8.331 Thread 0x0000000002772800 DEOPT PACKING pc=0x0000000002b8ef64 sp=0x000000000268ed50
Event: 8.331 Thread 0x0000000002772800 DEOPT UNPACKING pc=0x00000000028b73ef sp=0x000000000268ec00 mode 2
Event: 8.360 Executing VM operation: RevokeBias
Event: 8.360 Executing VM operation: RevokeBias done
Event: 8.360 Executing VM operation: RevokeBias
Event: 8.360 Executing VM operation: RevokeBias done
Event: 8.360 Executing VM operation: RevokeBias
Event: 8.360 Executing VM operation: RevokeBias done
Event: 8.360 Executing VM operation: RevokeBias
Event: 8.360 Executing VM operation: RevokeBias done


Dynamic libraries:
0x00007ff6eb1f0000 - 0x00007ff6eb224000 	C:\Program Files\Java\jdk1.8.0_05\bin\java.exe
0x00007ff9d4450000 - 0x00007ff9d4611000 	C:\WINDOWS\SYSTEM32\ntdll.dll
0x00007ff9d30b0000 - 0x00007ff9d315d000 	C:\WINDOWS\system32\KERNEL32.DLL
0x00007ff9d17e0000 - 0x00007ff9d19bd000 	C:\WINDOWS\system32\KERNELBASE.dll
0x00007ff9d4320000 - 0x00007ff9d43c6000 	C:\WINDOWS\system32\ADVAPI32.dll
0x00007ff9d3530000 - 0x00007ff9d35cd000 	C:\WINDOWS\system32\msvcrt.dll
0x00007ff9d1b20000 - 0x00007ff9d1b7b000 	C:\WINDOWS\system32\sechost.dll
0x00007ff9d3b60000 - 0x00007ff9d3c86000 	C:\WINDOWS\system32\RPCRT4.dll
0x00007ff9d3690000 - 0x00007ff9d37de000 	C:\WINDOWS\system32\USER32.dll
0x00007ff9d32c0000 - 0x00007ff9d3446000 	C:\WINDOWS\system32\GDI32.dll
0x00007ff9c3910000 - 0x00007ff9c3b84000 	C:\WINDOWS\WinSxS\amd64_microsoft.windows.common-controls_6595b64144ccf1df_6.0.10240.16384_none_f41f7b285750ef43\COMCTL32.dll
0x00007ff9d3ef0000 - 0x00007ff9d3f26000 	C:\WINDOWS\system32\IMM32.DLL
0x00007ff9d3160000 - 0x00007ff9d32bc000 	C:\WINDOWS\system32\MSCTF.dll
0x00000000505a0000 - 0x0000000050672000 	C:\Program Files\Java\jdk1.8.0_05\jre\bin\msvcr100.dll
0x0000000050680000 - 0x0000000050eaa000 	C:\Program Files\Java\jdk1.8.0_05\jre\bin\server\jvm.dll
0x00007ff9d3c90000 - 0x00007ff9d3c98000 	C:\WINDOWS\system32\PSAPI.DLL
0x00007ff9c3400000 - 0x00007ff9c3409000 	C:\WINDOWS\SYSTEM32\WSOCK32.dll
0x00007ff9cf4d0000 - 0x00007ff9cf4f3000 	C:\WINDOWS\SYSTEM32\WINMM.dll
0x00007ff9d3ca0000 - 0x00007ff9d3d09000 	C:\WINDOWS\system32\WS2_32.dll
0x00007ff9d3ee0000 - 0x00007ff9d3ee8000 	C:\WINDOWS\system32\NSI.dll
0x0000000000df0000 - 0x0000000000e1c000 	C:\WINDOWS\SYSTEM32\WINMMBASE.dll
0x00007ff9d19c0000 - 0x00007ff9d1a04000 	C:\WINDOWS\system32\cfgmgr32.dll
0x00007ff9cf750000 - 0x00007ff9cf777000 	C:\WINDOWS\SYSTEM32\DEVOBJ.dll
0x0000000050550000 - 0x000000005055f000 	C:\Program Files\Java\jdk1.8.0_05\jre\bin\verify.dll
0x0000000050520000 - 0x0000000050548000 	C:\Program Files\Java\jdk1.8.0_05\jre\bin\java.dll
0x0000000050500000 - 0x0000000050516000 	C:\Program Files\Java\jdk1.8.0_05\jre\bin\zip.dll
0x00007ff9d1b80000 - 0x00007ff9d30a2000 	C:\WINDOWS\system32\SHELL32.dll
0x00007ff9d11b0000 - 0x00007ff9d17d8000 	C:\WINDOWS\system32\windows.storage.dll
0x00007ff9d3ff0000 - 0x00007ff9d426c000 	C:\WINDOWS\system32\combase.dll
0x00007ff9d3f90000 - 0x00007ff9d3fe1000 	C:\WINDOWS\system32\shlwapi.dll
0x00007ff9d0ea0000 - 0x00007ff9d0eaf000 	C:\WINDOWS\system32\kernel.appcore.dll
0x00007ff9d10f0000 - 0x00007ff9d11a3000 	C:\WINDOWS\system32\shcore.dll
0x00007ff9d0eb0000 - 0x00007ff9d0efa000 	C:\WINDOWS\system32\powrprof.dll
0x00007ff9d0e80000 - 0x00007ff9d0e93000 	C:\WINDOWS\system32\profapi.dll
0x00007ff9acdd0000 - 0x00007ff9acebf000 	C:\Users\Rock\AppData\Local\Temp\javacpp11156237862414\msvcr120.dll
0x00007ff9acd20000 - 0x00007ff9acdc6000 	C:\Users\Rock\AppData\Local\Temp\javacpp11156237862414\msvcp120.dll
0x00007ff9a1e60000 - 0x00007ff9a20e1000 	C:\Users\Rock\AppData\Local\Temp\javacpp11156237862414\opencv_core300.dll
0x00007ff9a1ae0000 - 0x00007ff9a1e5f000 	C:\Users\Rock\AppData\Local\Temp\javacpp11156237862414\opencv_imgproc300.dll
0x00007ff9a1920000 - 0x00007ff9a1ad5000 	C:\Users\Rock\AppData\Local\Temp\javacpp11156237862414\jniopencv_core.dll
0x00007ff9aa8a0000 - 0x00007ff9aa945000 	C:\Users\Rock\AppData\Local\Temp\javacpp11156237862414\jniopencv_imgproc.dll
0x00007ff9a1660000 - 0x00007ff9a1917000 	C:\Users\Rock\AppData\Local\Temp\javacpp11156237862414\opencv_imgcodecs300.dll
0x00007ff9c75e0000 - 0x00007ff9c75fb000 	C:\Users\Rock\AppData\Local\Temp\javacpp11156237862414\jniopencv_imgcodecs.dll
0x00007ff9befd0000 - 0x00007ff9bf018000 	C:\Users\Rock\AppData\Local\Temp\javacpp11156237862414\opencv_videoio300.dll
0x00007ff9d3800000 - 0x00007ff9d3941000 	C:\WINDOWS\system32\ole32.dll
0x00007ff9d35d0000 - 0x00007ff9d368e000 	C:\WINDOWS\system32\OLEAUT32.dll
0x00007ff9bf5e0000 - 0x00007ff9bf609000 	C:\WINDOWS\SYSTEM32\MSVFW32.dll
0x00007ff9c75c0000 - 0x00007ff9c75e0000 	C:\WINDOWS\SYSTEM32\AVIFIL32.dll
0x00007ff9c4400000 - 0x00007ff9c4418000 	C:\WINDOWS\SYSTEM32\AVICAP32.dll
0x00007ff9c2250000 - 0x00007ff9c226c000 	C:\WINDOWS\SYSTEM32\MSACM32.dll
0x00007ff9c0700000 - 0x00007ff9c0714000 	C:\Users\Rock\AppData\Local\Temp\javacpp11156237862414\jniopencv_videoio.dll
0x00007ff9befa0000 - 0x00007ff9befca000 	C:\Users\Rock\AppData\Local\Temp\javacpp11156237862414\opencv_highgui300.dll
0x00007ff9d3450000 - 0x00007ff9d3527000 	C:\WINDOWS\system32\COMDLG32.dll
0x00007ff9be5c0000 - 0x00007ff9be5f3000 	C:\Users\Rock\AppData\Local\Temp\javacpp11156237862414\jniopencv_highgui.dll
0x00007ff9a70f0000 - 0x00007ff9a71c0000 	C:\Users\Rock\AppData\Local\Temp\javacpp11156237862414\opencv_ml300.dll
0x00007ff9be380000 - 0x00007ff9be3ae000 	C:\Users\Rock\AppData\Local\Temp\javacpp11156237862414\jniopencv_ml.dll
0x00007ff9a6f30000 - 0x00007ff9a6fd0000 	C:\Users\Rock\AppData\Local\Temp\javacpp11156237862414\opencv_objdetect300.dll
0x00007ff9ae140000 - 0x00007ff9ae18a000 	C:\Users\Rock\AppData\Local\Temp\javacpp11156237862414\jniopencv_objdetect.dll
0x0000000050320000 - 0x00000000504b6000 	C:\Program Files\Java\jdk1.8.0_05\jre\bin\awt.dll
0x00007ff9cf5d0000 - 0x00007ff9cf648000 	C:\WINDOWS\system32\apphelp.dll
0x0000000050010000 - 0x0000000050040000 	C:\Program Files\Java\jdk1.8.0_05\jre\bin\jpeg.dll
0x00007ff9d0c30000 - 0x00007ff9d0c9b000 	C:\WINDOWS\SYSTEM32\bcryptPrimitives.dll
0x00007ff9c2d30000 - 0x00007ff9c2eba000 	C:\WINDOWS\SYSTEM32\dbghelp.dll

VM Arguments:
java_command: Main
java_class_path (initial): E:\javasensei\CreateDataset\target\classes;C:\Users\Rock\.m2\repository\org\bytedeco\javacv\1.0\javacv-1.0.jar;C:\Users\Rock\.m2\repository\org\bytedeco\javacpp\1.0\javacpp-1.0.jar;C:\Users\Rock\.m2\repository\org\bytedeco\javacpp-presets\opencv\3.0.0-1.0\opencv-3.0.0-1.0.jar;C:\Users\Rock\.m2\repository\org\bytedeco\javacpp-presets\opencv\3.0.0-1.0\opencv-3.0.0-1.0-windows-x86_64.jar;C:\Users\Rock\.m2\repository\org\bytedeco\javacpp-presets\ffmpeg\2.7.1-1.0\ffmpeg-2.7.1-1.0.jar;C:\Users\Rock\.m2\repository\org\bytedeco\javacpp-presets\ffmpeg\2.7.1-1.0\ffmpeg-2.7.1-1.0-windows-x86_64.jar;C:\Users\Rock\.m2\repository\org\bytedeco\javacpp-presets\flycapture\2.7.3.19-1.0\flycapture-2.7.3.19-1.0.jar;C:\Users\Rock\.m2\repository\org\bytedeco\javacpp-presets\flycapture\2.7.3.19-1.0\flycapture-2.7.3.19-1.0-windows-x86_64.jar;C:\Users\Rock\.m2\repository\org\bytedeco\javacpp-presets\libdc1394\2.2.3-1.0\libdc1394-2.2.3-1.0.jar;C:\Users\Rock\.m2\repository\org\bytedeco\javacpp-presets\libdc1394\2.2.3-1.0\libdc1394-2.2.3-1.0-windows-x86_64.jar;C:\Users\Rock\.m2\repository\org\bytedeco\javacpp-presets\libfreenect\0.5.2-1.0\libfreenect-0.5.2-1.0.jar;C:\Users\Rock\.m2\repository\org\bytedeco\javacpp-presets\libfreenect\0.5.2-1.0\libfreenect-0.5.2-1.0-windows-x86_64.jar;C:\Users\Rock\.m2\repository\org\bytedeco\javacpp-presets\videoinput\0.200-1.0\videoinput-0.200-1.0.jar;C:\Users\Rock\.m2\repository\org\bytedeco\javacpp-presets\videoinput\0.200-1.0\videoinput-0.200-1.0-windows-x86_64.jar;C:\Users\Rock\.m2\repository\org\bytedeco\javacpp-presets\artoolkitplus\2.3.1-1.0\artoolkitplus-2.3.1-1.0.jar;C:\Users\Rock\.m2\repository\org\bytedeco\javacpp-presets\artoolkitplus\2.3.1-1.0\artoolkitplus-2.3.1-1.0-windows-x86_64.jar;C:\Users\Rock\.m2\repository\org\bytedeco\javacpp-presets\flandmark\1.07-1.0\flandmark-1.07-1.0.jar;C:\Users\Rock\.m2\repository\org\bytedeco\javacpp-presets\flandmark\1.07-1.0\flandmark-1.07-1.0-windows-x86_64.jar;C:\Users\Rock\.m2\repo
Launcher Type: SUN_STANDARD

Environment Variables:
JAVA_HOME=C:\Program Files\Java\jdk1.8.0_05
PATH=C:\ProgramData\Oracle\Java\javapath;C:\Program Files (x86)\Intel\iCLS Client\;C:\Program Files\Intel\iCLS Client\;C:\WINDOWS\system32;C:\WINDOWS;C:\WINDOWS\System32\Wbem;C:\WINDOWS\System32\WindowsPowerShell\v1.0\;C:\Program Files\Intel\Intel(R) Management Engine Components\DAL;C:\Program Files\Intel\Intel(R) Management Engine Components\IPT;C:\Program Files (x86)\Intel\Intel(R) Management Engine Components\DAL;C:\Program Files (x86)\Intel\Intel(R) Management Engine Components\IPT;C:\Program Files (x86)\Intel\OpenCL SDK\2.0\bin\x86;C:\Program Files (x86)\Intel\OpenCL SDK\2.0\bin\x64;C:\Program Files (x86)\MySQL\MySQL Utilities 1.3.6\;C:\Program Files\TortoiseSVN\bin;C:\Program Files\MongoDB 2.6 Standard\bin;C:\Program Files (x86)\Windows Live\Shared;C:\Program Files\Microsoft\Web Platform Installer\;C:\Program Files (x86)\WinMerge;C:\Program Files (x86)\Git\cmd;C:\Program Files (x86)\QuickTime\QTSystem\;C:\Program Files (x86)\nodejs\;C:\WINDOWS\system32;C:\WINDOWS;C:\WINDOWS\System32\Wbem;C:\WINDOWS\System32\WindowsPowerShell\v1.0\;C:\WINDOWS\system32\config\systemprofile\.dnx\bin;C:\Program Files\Microsoft DNX\Dnvm\;C:\Program Files (x86)\Windows Kits\10\Windows Performance Toolkit\;C:\apache-maven-3.3.3\bin;C:\Program Files\Perforce;C:\Program Files\Perforce\DVCS\;C:\Users\Rock\AppData\Roaming\npm;C:\Users\Rock\AppData\Local\atom\bin
USERNAME=Rock
OS=Windows_NT
PROCESSOR_IDENTIFIER=Intel64 Family 6 Model 58 Stepping 9, GenuineIntel



---------------  S Y S T E M  ---------------

OS: Windows 8.1 , 64 bit Build 9600 

CPU:total 2 (2 cores per cpu, 1 threads per core) family 6 model 58 stepping 9, cmov, cx8, fxsr, mmx, sse, sse2, sse3, ssse3, sse4.1, sse4.2, popcnt, clmul, erms, tsc, tscinvbit

Memory: 4k page, physical 4070680k(550900k free), swap 7478552k(1784008k free)

vm_info: Java HotSpot(TM) 64-Bit Server VM (25.5-b02) for windows-amd64 JRE (1.8.0_05-b13), built on Mar 18 2014 01:08:39 by "java_re" with MS VC++ 10.0 (VS2010)

time: Thu Oct 08 01:53:02 2015
elapsed time: 8 seconds

