2015-03-16T00:13:51.091-0700 I CONTROL  ***** SERVER RESTARTED *****
2015-03-16T00:13:51.107-0700 I CONTROL  [initandlisten] MongoDB starting : pid=5764 port=27017 dbpath=D:\java-sensei\trunk\mongobd 64-bit host=SERVER
2015-03-16T00:13:51.107-0700 I CONTROL  [initandlisten] targetMinOS: Windows 7/Windows Server 2008 R2
2015-03-16T00:13:51.107-0700 I CONTROL  [initandlisten] db version v3.0.0
2015-03-16T00:13:51.107-0700 I CONTROL  [initandlisten] git version: a841fd6394365954886924a35076691b4d149168
2015-03-16T00:13:51.107-0700 I CONTROL  [initandlisten] OpenSSL version: OpenSSL 1.0.1j-fips 15 Oct 2014
2015-03-16T00:13:51.107-0700 I CONTROL  [initandlisten] build info: windows sys.getwindowsversion(major=6, minor=1, build=7601, platform=2, service_pack='Service Pack 1') BOOST_LIB_VERSION=1_49
2015-03-16T00:13:51.107-0700 I CONTROL  [initandlisten] allocator: system
2015-03-16T00:13:51.107-0700 I CONTROL  [initandlisten] options: { config: "D:\java-sensei\trunk\mongobd\mongodb.conf", net: { bindIp: "127.0.0.1", port: 27017 }, storage: { dbPath: "D:\java-sensei\trunk\mongobd" }, systemLog: { destination: "file", logAppend: true, path: "D:\java-sensei\trunk\mongobd\mongodb.log" } }
2015-03-16T00:13:51.122-0700 I JOURNAL  [initandlisten] journal dir=D:\java-sensei\trunk\mongobd\journal
2015-03-16T00:13:51.122-0700 I JOURNAL  [initandlisten] recover : no journal files present, no recovery needed
2015-03-16T00:13:51.149-0700 I JOURNAL  [durability] Durability thread started
2015-03-16T00:13:51.150-0700 I JOURNAL  [journal writer] Journal writer thread started
2015-03-16T00:13:51.235-0700 I NETWORK  [initandlisten] waiting for connections on port 27017
2015-03-16T00:28:21.595-0700 I NETWORK  [initandlisten] connection accepted from 127.0.0.1:49813 #1 (1 connection now open)
2015-03-16T00:28:24.814-0700 I NETWORK  [conn1] end connection 127.0.0.1:49813 (0 connections now open)
2015-03-16T00:28:40.563-0700 I NETWORK  [initandlisten] connection accepted from 127.0.0.1:49817 #2 (1 connection now open)
2015-03-16T00:28:40.956-0700 I COMMAND  [conn2] command java_sensei.$cmd command: saslStart { saslStart: 1, mechanism: "SCRAM-SHA-1", payload: BinData(0, 6E2C2C6E3D726F6F742C723D316E5864584B43796A59725278454B6739636556353843452F65486C64635869) } ntoreturn:1 keyUpdates:0 writeConflicts:0 numYields:0 reslen:178 locks:{} 389ms
2015-03-16T00:28:41.143-0700 I ACCESS   [conn2] Successfully authenticated as principal root on java_sensei
2015-03-16T00:28:51.890-0700 I NETWORK  [conn2] end connection 127.0.0.1:49817 (0 connections now open)
2015-03-16T00:28:57.368-0700 I CONTROL  Ctrl-C signal
2015-03-16T00:28:57.368-0700 I CONTROL  [consoleTerminate] got CTRL_C_EVENT, will terminate after current cmd ends
2015-03-16T00:28:57.368-0700 I CONTROL  [consoleTerminate] now exiting
2015-03-16T00:28:57.368-0700 I NETWORK  [consoleTerminate] shutdown: going to close listening sockets...
2015-03-16T00:28:57.368-0700 I NETWORK  [consoleTerminate] closing listening socket: 280
2015-03-16T00:28:57.369-0700 I NETWORK  [consoleTerminate] shutdown: going to flush diaglog...
2015-03-16T00:28:57.369-0700 I NETWORK  [consoleTerminate] shutdown: going to close sockets...
2015-03-16T00:28:57.369-0700 I STORAGE  [consoleTerminate] shutdown: waiting for fs preallocator...
2015-03-16T00:28:57.369-0700 I STORAGE  [consoleTerminate] shutdown: final commit...
2015-03-16T00:28:57.385-0700 I JOURNAL  [consoleTerminate] journalCleanup...
2015-03-16T00:28:57.385-0700 I JOURNAL  [consoleTerminate] removeJournalFiles
2015-03-16T00:28:57.386-0700 I JOURNAL  [consoleTerminate] Terminating durability thread ...
2015-03-16T00:28:57.472-0700 I JOURNAL  [journal writer] Journal writer thread stopped
2015-03-16T00:28:57.472-0700 I JOURNAL  [durability] Durability thread stopped
2015-03-16T00:28:57.472-0700 I STORAGE  [consoleTerminate] shutdown: closing all files...
2015-03-16T00:28:57.477-0700 I STORAGE  [consoleTerminate] closeAllFiles() finished
2015-03-16T00:28:57.477-0700 I STORAGE  [consoleTerminate] shutdown: removing fs lock...
2015-03-16T00:28:57.477-0700 I CONTROL  [consoleTerminate] dbexit:  rc: 12
2015-03-16T00:31:29.687-0700 I CONTROL  ***** SERVER RESTARTED *****
2015-03-16T00:31:29.703-0700 I CONTROL  Trying to install Windows service 'MongoDB'
2015-03-16T00:31:29.703-0700 I CONTROL  Service 'MongoDB' (MongoDB) installed with command line '"C:\Program Files\MongoDB\Server\3.0\bin\mongod.exe" --config D:\java-sensei\trunk\mongobd\mongodb.conf --service'
2015-03-16T00:31:29.703-0700 I CONTROL  Service can be started from the command line with 'net start MongoDB'
2015-03-16T00:31:39.829-0700 I CONTROL  ***** SERVER RESTARTED *****
2015-03-16T00:31:39.844-0700 I CONTROL  Trying to start Windows service 'MongoDB'
2015-03-16T00:31:39.844-0700 I STORAGE  Service running
2015-03-16T00:31:39.844-0700 I CONTROL  [initandlisten] MongoDB starting : pid=2636 port=27017 dbpath=D:\java-sensei\trunk\mongobd 64-bit host=SERVER
2015-03-16T00:31:39.844-0700 I CONTROL  [initandlisten] targetMinOS: Windows 7/Windows Server 2008 R2
2015-03-16T00:31:39.844-0700 I CONTROL  [initandlisten] db version v3.0.0
2015-03-16T00:31:39.844-0700 I CONTROL  [initandlisten] git version: a841fd6394365954886924a35076691b4d149168
2015-03-16T00:31:39.844-0700 I CONTROL  [initandlisten] OpenSSL version: OpenSSL 1.0.1j-fips 15 Oct 2014
2015-03-16T00:31:39.844-0700 I CONTROL  [initandlisten] build info: windows sys.getwindowsversion(major=6, minor=1, build=7601, platform=2, service_pack='Service Pack 1') BOOST_LIB_VERSION=1_49
2015-03-16T00:31:39.844-0700 I CONTROL  [initandlisten] allocator: system
2015-03-16T00:31:39.844-0700 I CONTROL  [initandlisten] options: { config: "D:\java-sensei\trunk\mongobd\mongodb.conf", net: { bindIp: "127.0.0.1", port: 27017 }, service: true, storage: { dbPath: "D:\java-sensei\trunk\mongobd" }, systemLog: { destination: "file", logAppend: true, path: "D:\java-sensei\trunk\mongobd\mongodb.log" } }
2015-03-16T00:31:39.844-0700 I JOURNAL  [initandlisten] journal dir=D:\java-sensei\trunk\mongobd\journal
2015-03-16T00:31:39.844-0700 I JOURNAL  [initandlisten] recover : no journal files present, no recovery needed
2015-03-16T00:31:39.901-0700 I JOURNAL  [durability] Durability thread started
2015-03-16T00:31:39.901-0700 I JOURNAL  [journal writer] Journal writer thread started
2015-03-16T00:31:39.982-0700 I NETWORK  [initandlisten] waiting for connections on port 27017
2015-03-16T00:31:43.900-0700 I NETWORK  [initandlisten] connection accepted from 127.0.0.1:49845 #1 (1 connection now open)
2015-03-16T00:31:47.279-0700 I NETWORK  [conn1] end connection 127.0.0.1:49845 (0 connections now open)
2015-03-16T00:31:49.899-0700 I NETWORK  [initandlisten] connection accepted from 127.0.0.1:49847 #2 (1 connection now open)
2015-03-16T00:31:50.255-0700 I COMMAND  [conn2] command java_sensei.$cmd command: saslStart { saslStart: 1, mechanism: "SCRAM-SHA-1", payload: BinData(0, 6E2C2C6E3D726F6F742C723D75326F3379344D72374630697835495A61757A6A34695067577465597933316B) } ntoreturn:1 keyUpdates:0 writeConflicts:0 numYields:0 reslen:178 locks:{} 352ms
2015-03-16T00:31:50.440-0700 I ACCESS   [conn2] Successfully authenticated as principal root on java_sensei
2015-03-16T00:32:00.155-0700 I NETWORK  [conn2] end connection 127.0.0.1:49847 (0 connections now open)
